#! c:/iverilog-x64/bin/vvp
:ivl_version "10.1 (stable)" "(v10_1_1)";
:ivl_delay_selection "TYPICAL";
:vpi_time_precision + 0;
:vpi_module "system";
:vpi_module "vhdl_sys";
:vpi_module "v2005_math";
:vpi_module "va_math";
S_0000000002fbd600 .scope module, "rom" "rom" 2 5;
 .timescale 0 0;
    .port_info 0 /INPUT 1 "clk"
    .port_info 1 /INPUT 1 "reset_"
    .port_info 2 /INPUT 1 "cs_"
    .port_info 3 /INPUT 1 "as_"
    .port_info 4 /INPUT 11 "addr"
    .port_info 5 /OUTPUT 32 "rd_data"
    .port_info 6 /OUTPUT 1 "rdy_"
o00000000047aa688 .functor BUFZ 11, C4<zzzzzzzzzzz>; HiZ drive
v0000000002fb7990_0 .net "addr", 10 0, o00000000047aa688;  0 drivers
o00000000047aa7a8 .functor BUFZ 1, C4<z>; HiZ drive
v00000000047fb380_0 .net "as_", 0 0, o00000000047aa7a8;  0 drivers
o00000000047aa6b8 .functor BUFZ 1, C4<z>; HiZ drive
v00000000047fb420_0 .net "clk", 0 0, o00000000047aa6b8;  0 drivers
o00000000047aa7d8 .functor BUFZ 1, C4<z>; HiZ drive
v00000000047fb4c0_0 .net "cs_", 0 0, o00000000047aa7d8;  0 drivers
v00000000047fb560_0 .net "rd_data", 31 0, v0000000002fb7850_0;  1 drivers
v00000000047fb600_0 .var "rdy_", 0 0;
o00000000047aa838 .functor BUFZ 1, C4<z>; HiZ drive
v00000000047fb6a0_0 .net "reset_", 0 0, o00000000047aa838;  0 drivers
E_00000000047a49b0/0 .event negedge, v00000000047fb6a0_0;
E_00000000047a49b0/1 .event posedge, v0000000002fb77b0_0;
E_00000000047a49b0 .event/or E_00000000047a49b0/0, E_00000000047a49b0/1;
S_0000000002fb7630 .scope module, "x_s3e_sprom" "x_s3e_sprom" 2 16, 3 4 0, S_0000000002fbd600;
 .timescale 0 0;
    .port_info 0 /INPUT 1 "clka"
    .port_info 1 /INPUT 11 "addra"
    .port_info 2 /OUTPUT 32 "douta"
v0000000002fbd800_0 .net "addra", 10 0, o00000000047aa688;  alias, 0 drivers
v0000000002fb77b0_0 .net "clka", 0 0, o00000000047aa6b8;  alias, 0 drivers
v0000000002fb7850_0 .var "douta", 31 0;
v0000000002fb78f0 .array "mem", 0 2047, 31 0;
E_00000000047a4b70 .event posedge, v0000000002fb77b0_0;
    .scope S_0000000002fb7630;
T_0 ;
    %wait E_00000000047a4b70;
    %load/vec4 v0000000002fbd800_0;
    %pad/u 13;
    %ix/vec4 4;
    %load/vec4a v0000000002fb78f0, 4;
    %assign/vec4 v0000000002fb7850_0, 1;
    %jmp T_0;
    .thread T_0;
    .scope S_0000000002fbd600;
T_1 ;
    %wait E_00000000047a49b0;
    %load/vec4 v00000000047fb6a0_0;
    %cmpi/e 0, 0, 1;
    %jmp/0xz  T_1.0, 4;
    %pushi/vec4 1, 0, 1;
    %assign/vec4 v00000000047fb600_0, 1;
    %jmp T_1.1;
T_1.0 ;
    %load/vec4 v00000000047fb4c0_0;
    %pushi/vec4 0, 0, 1;
    %cmp/e;
    %flag_get/vec4 4;
    %load/vec4 v00000000047fb380_0;
    %pushi/vec4 0, 0, 1;
    %cmp/e;
    %flag_get/vec4 4;
    %and;
    %flag_set/vec4 8;
    %jmp/0xz  T_1.2, 8;
    %pushi/vec4 0, 0, 1;
    %assign/vec4 v00000000047fb600_0, 1;
    %jmp T_1.3;
T_1.2 ;
    %pushi/vec4 1, 0, 1;
    %assign/vec4 v00000000047fb600_0, 1;
T_1.3 ;
T_1.1 ;
    %jmp T_1;
    .thread T_1;
# The file index is used to find the file name in the following table.
:file_names 4;
    "N/A";
    "<interactive>";
    "rom.v";
    "./x_s3e_sprom.v";
