#! c:/iverilog-x64/bin/vvp
:ivl_version "10.1 (stable)" "(v10_1_1)";
:ivl_delay_selection "TYPICAL";
:vpi_time_precision + 0;
:vpi_module "system";
:vpi_module "vhdl_sys";
:vpi_module "v2005_math";
:vpi_module "va_math";
S_00000000047d7490 .scope module, "spm" "spm" 2 5;
 .timescale 0 0;
    .port_info 0 /INPUT 1 "clk"
    .port_info 1 /INPUT 12 "if_spm_addr"
    .port_info 2 /INPUT 1 "if_spm_as_"
    .port_info 3 /INPUT 1 "if_spm_rw"
    .port_info 4 /INPUT 32 "if_spm_wr_data"
    .port_info 5 /OUTPUT 32 "if_spm_rd_data"
    .port_info 6 /INPUT 12 "mem_spm_addr"
    .port_info 7 /INPUT 1 "mem_spm_as_"
    .port_info 8 /INPUT 1 "mem_spm_rw"
    .port_info 9 /INPUT 32 "mem_spm_wr_data"
    .port_info 10 /OUTPUT 32 "mem_spm_rd_data"
o00000000047e4038 .functor BUFZ 1, C4<z>; HiZ drive
v000000000483cf10_0 .net "clk", 0 0, o00000000047e4038;  0 drivers
o00000000047e3fd8 .functor BUFZ 12, C4<zzzzzzzzzzzz>; HiZ drive
v000000000483d3c0_0 .net "if_spm_addr", 11 0, o00000000047e3fd8;  0 drivers
o00000000047e4368 .functor BUFZ 1, C4<z>; HiZ drive
v000000000483d460_0 .net "if_spm_as_", 0 0, o00000000047e4368;  0 drivers
v000000000483d500_0 .net "if_spm_rd_data", 31 0, v0000000004834b50_0;  1 drivers
o00000000047e4398 .functor BUFZ 1, C4<z>; HiZ drive
v000000000483d5f0_0 .net "if_spm_rw", 0 0, o00000000047e4398;  0 drivers
o00000000047e4068 .functor BUFZ 32, C4<zzzzzzzzzzzzzzzzzzzzzzzzzzzzzzzz>; HiZ drive
v000000000483d7d0_0 .net "if_spm_wr_data", 31 0, o00000000047e4068;  0 drivers
o00000000047e4008 .functor BUFZ 12, C4<zzzzzzzzzzzz>; HiZ drive
v000000000483db90_0 .net "mem_spm_addr", 11 0, o00000000047e4008;  0 drivers
o00000000047e43c8 .functor BUFZ 1, C4<z>; HiZ drive
v000000000483e4f0_0 .net "mem_spm_as_", 0 0, o00000000047e43c8;  0 drivers
v000000000483e3b0_0 .net "mem_spm_rd_data", 31 0, v0000000004834bf0_0;  1 drivers
o00000000047e43f8 .functor BUFZ 1, C4<z>; HiZ drive
v000000000483d9b0_0 .net "mem_spm_rw", 0 0, o00000000047e43f8;  0 drivers
o00000000047e4098 .functor BUFZ 32, C4<zzzzzzzzzzzzzzzzzzzzzzzzzzzzzzzz>; HiZ drive
v000000000483d690_0 .net "mem_spm_wr_data", 31 0, o00000000047e4098;  0 drivers
v000000000483e450_0 .var "wea", 0 0;
v000000000483dd70_0 .var "web", 0 0;
E_00000000047e14a0 .event edge, v000000000483d460_0, v000000000483d5f0_0, v000000000483e4f0_0, v000000000483d9b0_0;
S_00000000047d7610 .scope module, "x_s3e_dpram" "x_s3e_dpram" 2 41, 3 4 0, S_00000000047d7490;
 .timescale 0 0;
    .port_info 0 /INPUT 1 "clka"
    .port_info 1 /INPUT 1 "wea"
    .port_info 2 /INPUT 12 "addra"
    .port_info 3 /INPUT 32 "dina"
    .port_info 4 /OUTPUT 32 "douta"
    .port_info 5 /INPUT 1 "clkb"
    .port_info 6 /INPUT 1 "web"
    .port_info 7 /INPUT 12 "addrb"
    .port_info 8 /INPUT 32 "dinb"
    .port_info 9 /OUTPUT 32 "doutb"
v00000000047e1a60_0 .net "addra", 11 0, o00000000047e3fd8;  alias, 0 drivers
v00000000047d7790_0 .net "addrb", 11 0, o00000000047e4008;  alias, 0 drivers
v00000000048348d0_0 .net "clka", 0 0, o00000000047e4038;  alias, 0 drivers
v0000000004834970_0 .net "clkb", 0 0, o00000000047e4038;  alias, 0 drivers
v0000000004834a10_0 .net "dina", 31 0, o00000000047e4068;  alias, 0 drivers
v0000000004834ab0_0 .net "dinb", 31 0, o00000000047e4098;  alias, 0 drivers
v0000000004834b50_0 .var "douta", 31 0;
v0000000004834bf0_0 .var "doutb", 31 0;
v0000000004834c90 .array "mem", 0 4095, 31 0;
v0000000004834dc0_0 .net "wea", 0 0, v000000000483e450_0;  1 drivers
v0000000004834e60_0 .net "web", 0 0, v000000000483dd70_0;  1 drivers
E_00000000047e16e0 .event posedge, v00000000048348d0_0;
    .scope S_00000000047d7610;
T_0 ;
    %wait E_00000000047e16e0;
    %load/vec4 v0000000004834e60_0;
    %pushi/vec4 1, 0, 1;
    %cmp/e;
    %flag_get/vec4 4;
    %load/vec4 v00000000047e1a60_0;
    %load/vec4 v00000000047d7790_0;
    %cmp/e;
    %flag_get/vec4 4;
    %and;
    %flag_set/vec4 8;
    %jmp/0xz  T_0.0, 8;
    %load/vec4 v0000000004834ab0_0;
    %assign/vec4 v0000000004834b50_0, 1;
    %jmp T_0.1;
T_0.0 ;
    %load/vec4 v00000000047e1a60_0;
    %pad/u 14;
    %ix/vec4 4;
    %load/vec4a v0000000004834c90, 4;
    %assign/vec4 v0000000004834b50_0, 1;
T_0.1 ;
    %load/vec4 v0000000004834dc0_0;
    %cmpi/e 1, 0, 1;
    %jmp/0xz  T_0.2, 4;
    %load/vec4 v0000000004834a10_0;
    %load/vec4 v00000000047e1a60_0;
    %pad/u 14;
    %ix/vec4 3;
    %ix/load 4, 1, 0; Constant delay
    %assign/vec4/a/d v0000000004834c90, 0, 4;
T_0.2 ;
    %jmp T_0;
    .thread T_0;
    .scope S_00000000047d7610;
T_1 ;
    %wait E_00000000047e16e0;
    %load/vec4 v0000000004834dc0_0;
    %pushi/vec4 1, 0, 1;
    %cmp/e;
    %flag_get/vec4 4;
    %load/vec4 v00000000047d7790_0;
    %load/vec4 v00000000047e1a60_0;
    %cmp/e;
    %flag_get/vec4 4;
    %and;
    %flag_set/vec4 8;
    %jmp/0xz  T_1.0, 8;
    %load/vec4 v0000000004834a10_0;
    %assign/vec4 v0000000004834bf0_0, 1;
    %jmp T_1.1;
T_1.0 ;
    %load/vec4 v00000000047d7790_0;
    %pad/u 14;
    %ix/vec4 4;
    %load/vec4a v0000000004834c90, 4;
    %assign/vec4 v0000000004834bf0_0, 1;
T_1.1 ;
    %load/vec4 v0000000004834e60_0;
    %cmpi/e 1, 0, 1;
    %jmp/0xz  T_1.2, 4;
    %load/vec4 v0000000004834ab0_0;
    %load/vec4 v00000000047d7790_0;
    %pad/u 14;
    %ix/vec4 3;
    %ix/load 4, 1, 0; Constant delay
    %assign/vec4/a/d v0000000004834c90, 0, 4;
T_1.2 ;
    %jmp T_1;
    .thread T_1;
    .scope S_00000000047d7490;
T_2 ;
    %wait E_00000000047e14a0;
    %load/vec4 v000000000483d460_0;
    %pushi/vec4 0, 0, 1;
    %cmp/e;
    %flag_get/vec4 4;
    %load/vec4 v000000000483d5f0_0;
    %pushi/vec4 0, 0, 1;
    %cmp/e;
    %flag_get/vec4 4;
    %and;
    %flag_set/vec4 8;
    %jmp/0xz  T_2.0, 8;
    %pushi/vec4 1, 0, 1;
    %store/vec4 v000000000483e450_0, 0, 1;
    %jmp T_2.1;
T_2.0 ;
    %pushi/vec4 0, 0, 1;
    %store/vec4 v000000000483e450_0, 0, 1;
T_2.1 ;
    %load/vec4 v000000000483e4f0_0;
    %pushi/vec4 0, 0, 1;
    %cmp/e;
    %flag_get/vec4 4;
    %load/vec4 v000000000483d9b0_0;
    %pushi/vec4 0, 0, 1;
    %cmp/e;
    %flag_get/vec4 4;
    %and;
    %flag_set/vec4 8;
    %jmp/0xz  T_2.2, 8;
    %pushi/vec4 1, 0, 1;
    %store/vec4 v000000000483dd70_0, 0, 1;
    %jmp T_2.3;
T_2.2 ;
    %pushi/vec4 0, 0, 1;
    %store/vec4 v000000000483dd70_0, 0, 1;
T_2.3 ;
    %jmp T_2;
    .thread T_2, $push;
# The file index is used to find the file name in the following table.
:file_names 4;
    "N/A";
    "<interactive>";
    "spm.v";
    "./x_s3e_dpram.v";
