#! c:/iverilog-x64/bin/vvp
:ivl_version "10.1 (stable)" "(v10_1_1)";
:ivl_delay_selection "TYPICAL";
:vpi_time_precision + 0;
:vpi_module "system";
:vpi_module "vhdl_sys";
:vpi_module "v2005_math";
:vpi_module "va_math";
S_000000000294bbc0 .scope module, "ex_stage" "ex_stage" 2 4;
 .timescale 0 0;
    .port_info 0 /INPUT 1 "clk"
    .port_info 1 /INPUT 1 "reset_"
    .port_info 2 /INPUT 1 "stall"
    .port_info 3 /INPUT 1 "flush"
    .port_info 4 /INPUT 1 "int_detect"
    .port_info 5 /INPUT 30 "id_pc"
    .port_info 6 /INPUT 1 "id_en"
    .port_info 7 /INPUT 4 "id_alu_op"
    .port_info 8 /INPUT 32 "id_alu_in_0"
    .port_info 9 /INPUT 32 "id_alu_in_1"
    .port_info 10 /INPUT 1 "id_br_flag"
    .port_info 11 /INPUT 2 "id_mem_op"
    .port_info 12 /INPUT 32 "id_mem_wr_data"
    .port_info 13 /INPUT 2 "id_ctrl_op"
    .port_info 14 /INPUT 5 "id_dst_addr"
    .port_info 15 /INPUT 1 "id_gpr_we_"
    .port_info 16 /INPUT 3 "id_exp_code"
    .port_info 17 /OUTPUT 30 "ex_pc"
    .port_info 18 /OUTPUT 1 "ex_en"
    .port_info 19 /OUTPUT 1 "ex_br_flag"
    .port_info 20 /OUTPUT 2 "ex_mem_op"
    .port_info 21 /OUTPUT 32 "ex_mem_wr_data"
    .port_info 22 /OUTPUT 2 "ex_ctrl_op"
    .port_info 23 /OUTPUT 5 "ex_dst_addr"
    .port_info 24 /OUTPUT 1 "ex_gpr_we_"
    .port_info 25 /OUTPUT 3 "ex_exp_code"
    .port_info 26 /OUTPUT 32 "ex_out"
    .port_info 27 /OUTPUT 32 "fwd_data"
L_0000000002964290 .functor BUFZ 32, v000000000293d030_0, C4<00000000000000000000000000000000>, C4<00000000000000000000000000000000>, C4<00000000000000000000000000000000>;
o000000000296f078 .functor BUFZ 1, C4<z>; HiZ drive
v00000000029c8780_0 .net "clk", 0 0, o000000000296f078;  0 drivers
v00000000029c9400_0 .net "ex_br_flag", 0 0, v00000000029c7ff0_0;  1 drivers
v00000000029c9680_0 .net "ex_ctrl_op", 1 0, v00000000029c7a50_0;  1 drivers
v00000000029c9c20_0 .net "ex_dst_addr", 4 0, v00000000029c7af0_0;  1 drivers
v00000000029c8640_0 .net "ex_en", 0 0, v00000000029c7690_0;  1 drivers
o000000000296f9d8 .functor BUFZ 3, C4<zzz>; HiZ drive
v00000000029c86e0_0 .net "ex_exp_code", 2 0, o000000000296f9d8;  0 drivers
v00000000029c8960_0 .net "ex_gpr_we_", 0 0, v00000000029c7870_0;  1 drivers
v00000000029c8a00_0 .net "ex_mem_op", 1 0, v00000000029c7c30_0;  1 drivers
v00000000029c8f00_0 .net "ex_mem_wr_data", 31 0, v00000000029c7b90_0;  1 drivers
v00000000029c8aa0_0 .net "ex_out", 31 0, v00000000029c72d0_0;  1 drivers
v00000000029c8b40_0 .net "ex_pc", 29 0, v00000000029c7cd0_0;  1 drivers
o000000000296f288 .functor BUFZ 1, C4<z>; HiZ drive
v00000000029c8500_0 .net "flsuh", 0 0, o000000000296f288;  0 drivers
o000000000296fa08 .functor BUFZ 1, C4<z>; HiZ drive
v00000000029c94a0_0 .net "flush", 0 0, o000000000296fa08;  0 drivers
v00000000029ca080_0 .net "fwd_data", 31 0, L_0000000002964290;  1 drivers
o000000000296ee98 .functor BUFZ 32, C4<zzzzzzzzzzzzzzzzzzzzzzzzzzzzzzzz>; HiZ drive
v00000000029c83c0_0 .net "id_alu_in_0", 31 0, o000000000296ee98;  0 drivers
o000000000296eec8 .functor BUFZ 32, C4<zzzzzzzzzzzzzzzzzzzzzzzzzzzzzzzz>; HiZ drive
v00000000029c9a40_0 .net "id_alu_in_1", 31 0, o000000000296eec8;  0 drivers
o000000000296ef28 .functor BUFZ 4, C4<zzzz>; HiZ drive
v00000000029c8320_0 .net "id_alu_op", 3 0, o000000000296ef28;  0 drivers
o000000000296f2b8 .functor BUFZ 1, C4<z>; HiZ drive
v00000000029ca120_0 .net "id_br_flag", 0 0, o000000000296f2b8;  0 drivers
o000000000296f2e8 .functor BUFZ 2, C4<zz>; HiZ drive
v00000000029c8820_0 .net "id_ctrl_op", 1 0, o000000000296f2e8;  0 drivers
o000000000296f318 .functor BUFZ 5, C4<zzzzz>; HiZ drive
v00000000029c9720_0 .net "id_dst_addr", 4 0, o000000000296f318;  0 drivers
o000000000296f348 .functor BUFZ 1, C4<z>; HiZ drive
v00000000029c92c0_0 .net "id_en", 0 0, o000000000296f348;  0 drivers
o000000000296f378 .functor BUFZ 3, C4<zzz>; HiZ drive
v00000000029c9cc0_0 .net "id_exp_code", 2 0, o000000000296f378;  0 drivers
o000000000296f3a8 .functor BUFZ 1, C4<z>; HiZ drive
v00000000029c8be0_0 .net "id_gpr_we_", 0 0, o000000000296f3a8;  0 drivers
o000000000296f3d8 .functor BUFZ 2, C4<zz>; HiZ drive
v00000000029c9900_0 .net "id_mem_op", 1 0, o000000000296f3d8;  0 drivers
o000000000296f408 .functor BUFZ 32, C4<zzzzzzzzzzzzzzzzzzzzzzzzzzzzzzzz>; HiZ drive
v00000000029c9f40_0 .net "id_mem_wr_data", 31 0, o000000000296f408;  0 drivers
o000000000296f438 .functor BUFZ 30, C4<zzzzzzzzzzzzzzzzzzzzzzzzzzzzzz>; HiZ drive
v00000000029c88c0_0 .net "id_pc", 29 0, o000000000296f438;  0 drivers
o000000000296f468 .functor BUFZ 1, C4<z>; HiZ drive
v00000000029c8c80_0 .net "int_detect", 0 0, o000000000296f468;  0 drivers
v00000000029c9360_0 .net "of", 0 0, v0000000002964110_0;  1 drivers
v00000000029c95e0_0 .net "out", 31 0, v000000000293d030_0;  1 drivers
o000000000296f498 .functor BUFZ 1, C4<z>; HiZ drive
v00000000029c97c0_0 .net "reset_", 0 0, o000000000296f498;  0 drivers
o000000000296f4c8 .functor BUFZ 1, C4<z>; HiZ drive
v00000000029c9040_0 .net "stall", 0 0, o000000000296f4c8;  0 drivers
S_000000000293ce10 .scope module, "alu0" "alu" 2 46, 3 5 0, S_000000000294bbc0;
 .timescale 0 0;
    .port_info 0 /INPUT 32 "in_0"
    .port_info 1 /INPUT 32 "in_1"
    .port_info 2 /INPUT 4 "op"
    .port_info 3 /OUTPUT 32 "out"
    .port_info 4 /OUTPUT 1 "of"
v000000000294bf10_0 .net "in_0", 31 0, o000000000296ee98;  alias, 0 drivers
v0000000002941b50_0 .net "in_1", 31 0, o000000000296eec8;  alias, 0 drivers
v0000000002964110_0 .var "of", 0 0;
v000000000293cf90_0 .net "op", 3 0, o000000000296ef28;  alias, 0 drivers
v000000000293d030_0 .var "out", 31 0;
v000000000293d0d0_0 .net/s "s_in_0", 31 0, o000000000296ee98;  alias, 0 drivers
v000000000293d170_0 .net/s "s_in_1", 31 0, o000000000296eec8;  alias, 0 drivers
v00000000028e76b0_0 .net/s "s_out", 31 0, v000000000293d030_0;  alias, 1 drivers
E_0000000002966ec0 .event edge, v000000000293cf90_0, v000000000294bf10_0, v0000000002941b50_0, v000000000293d030_0;
E_0000000002966f80 .event edge, v000000000293cf90_0, v000000000294bf10_0, v0000000002941b50_0;
S_00000000028e7750 .scope module, "ex_reg0" "ex_reg" 2 55, 4 5 0, S_000000000294bbc0;
 .timescale 0 0;
    .port_info 0 /INPUT 1 "clk"
    .port_info 1 /INPUT 1 "reset_"
    .port_info 2 /INPUT 32 "alu_out"
    .port_info 3 /INPUT 1 "alu_of"
    .port_info 4 /INPUT 1 "stall"
    .port_info 5 /INPUT 1 "flush"
    .port_info 6 /INPUT 1 "int_detect"
    .port_info 7 /INPUT 30 "id_pc"
    .port_info 8 /INPUT 1 "id_en"
    .port_info 9 /INPUT 1 "id_br_flag"
    .port_info 10 /INPUT 2 "id_mem_op"
    .port_info 11 /INPUT 32 "id_mem_wr_data"
    .port_info 12 /INPUT 2 "id_ctrl_op"
    .port_info 13 /INPUT 5 "id_dst_addr"
    .port_info 14 /INPUT 1 "id_gpr_we_"
    .port_info 15 /INPUT 3 "id_exp_code"
    .port_info 16 /OUTPUT 30 "ex_pc"
    .port_info 17 /OUTPUT 1 "ex_en"
    .port_info 18 /OUTPUT 1 "ex_br_flag"
    .port_info 19 /OUTPUT 2 "ex_mem_op"
    .port_info 20 /OUTPUT 32 "ex_mem_wr_data"
    .port_info 21 /OUTPUT 2 "ex_ctrl_op"
    .port_info 22 /OUTPUT 5 "ex_dst_addr"
    .port_info 23 /OUTPUT 1 "ex_gpr_we_"
    .port_info 24 /OUTPUT 3 "ex_exp_code"
    .port_info 25 /OUTPUT 32 "ex_out"
v00000000028e79b0_0 .net "alu_of", 0 0, v0000000002964110_0;  alias, 1 drivers
v00000000029c7910_0 .net "alu_out", 31 0, v000000000293d030_0;  alias, 1 drivers
v00000000029c77d0_0 .net "clk", 0 0, o000000000296f078;  alias, 0 drivers
v00000000029c7ff0_0 .var "ex_br_flag", 0 0;
v00000000029c7a50_0 .var "ex_ctrl_op", 1 0;
v00000000029c7af0_0 .var "ex_dst_addr", 4 0;
v00000000029c7690_0 .var "ex_en", 0 0;
v00000000029c74b0_0 .var "ex_exp_code", 2 0;
v00000000029c7870_0 .var "ex_gpr_we_", 0 0;
v00000000029c7c30_0 .var "ex_mem_op", 1 0;
v00000000029c7b90_0 .var "ex_mem_wr_data", 31 0;
v00000000029c72d0_0 .var "ex_out", 31 0;
v00000000029c7cd0_0 .var "ex_pc", 29 0;
v00000000029c7eb0_0 .net "flush", 0 0, o000000000296f288;  alias, 0 drivers
v00000000029c7d70_0 .net "id_br_flag", 0 0, o000000000296f2b8;  alias, 0 drivers
v00000000029c7230_0 .net "id_ctrl_op", 1 0, o000000000296f2e8;  alias, 0 drivers
v00000000029c7f50_0 .net "id_dst_addr", 4 0, o000000000296f318;  alias, 0 drivers
v00000000029c79b0_0 .net "id_en", 0 0, o000000000296f348;  alias, 0 drivers
v00000000029c7e10_0 .net "id_exp_code", 2 0, o000000000296f378;  alias, 0 drivers
v00000000029c8090_0 .net "id_gpr_we_", 0 0, o000000000296f3a8;  alias, 0 drivers
v00000000029c8130_0 .net "id_mem_op", 1 0, o000000000296f3d8;  alias, 0 drivers
v00000000029c7730_0 .net "id_mem_wr_data", 31 0, o000000000296f408;  alias, 0 drivers
v00000000029c7550_0 .net "id_pc", 29 0, o000000000296f438;  alias, 0 drivers
v00000000029c7370_0 .net "int_detect", 0 0, o000000000296f468;  alias, 0 drivers
v00000000029c75f0_0 .net "reset_", 0 0, o000000000296f498;  alias, 0 drivers
v00000000029c7410_0 .net "stall", 0 0, o000000000296f4c8;  alias, 0 drivers
E_0000000002967a00/0 .event negedge, v00000000029c75f0_0;
E_0000000002967a00/1 .event posedge, v00000000029c77d0_0;
E_0000000002967a00 .event/or E_0000000002967a00/0, E_0000000002967a00/1;
    .scope S_000000000293ce10;
T_0 ;
    %wait E_0000000002966f80;
    %load/vec4 v000000000293cf90_0;
    %dup/vec4;
    %pushi/vec4 1, 0, 4;
    %cmp/u;
    %jmp/1 T_0.0, 6;
    %dup/vec4;
    %pushi/vec4 2, 0, 4;
    %cmp/u;
    %jmp/1 T_0.1, 6;
    %dup/vec4;
    %pushi/vec4 3, 0, 4;
    %cmp/u;
    %jmp/1 T_0.2, 6;
    %dup/vec4;
    %pushi/vec4 4, 0, 4;
    %cmp/u;
    %jmp/1 T_0.3, 6;
    %dup/vec4;
    %pushi/vec4 5, 0, 4;
    %cmp/u;
    %jmp/1 T_0.4, 6;
    %dup/vec4;
    %pushi/vec4 6, 0, 4;
    %cmp/u;
    %jmp/1 T_0.5, 6;
    %dup/vec4;
    %pushi/vec4 7, 0, 4;
    %cmp/u;
    %jmp/1 T_0.6, 6;
    %dup/vec4;
    %pushi/vec4 8, 0, 4;
    %cmp/u;
    %jmp/1 T_0.7, 6;
    %dup/vec4;
    %pushi/vec4 9, 0, 4;
    %cmp/u;
    %jmp/1 T_0.8, 6;
    %load/vec4 v000000000294bf10_0;
    %store/vec4 v000000000293d030_0, 0, 32;
    %jmp T_0.10;
T_0.0 ;
    %load/vec4 v000000000294bf10_0;
    %load/vec4 v0000000002941b50_0;
    %and;
    %store/vec4 v000000000293d030_0, 0, 32;
    %jmp T_0.10;
T_0.1 ;
    %load/vec4 v000000000294bf10_0;
    %load/vec4 v0000000002941b50_0;
    %or;
    %store/vec4 v000000000293d030_0, 0, 32;
    %jmp T_0.10;
T_0.2 ;
    %load/vec4 v000000000294bf10_0;
    %load/vec4 v0000000002941b50_0;
    %xor;
    %store/vec4 v000000000293d030_0, 0, 32;
    %jmp T_0.10;
T_0.3 ;
    %load/vec4 v000000000294bf10_0;
    %load/vec4 v0000000002941b50_0;
    %add;
    %store/vec4 v000000000293d030_0, 0, 32;
    %jmp T_0.10;
T_0.4 ;
    %load/vec4 v000000000294bf10_0;
    %load/vec4 v0000000002941b50_0;
    %add;
    %store/vec4 v000000000293d030_0, 0, 32;
    %jmp T_0.10;
T_0.5 ;
    %load/vec4 v000000000294bf10_0;
    %load/vec4 v0000000002941b50_0;
    %sub;
    %store/vec4 v000000000293d030_0, 0, 32;
    %jmp T_0.10;
T_0.6 ;
    %load/vec4 v000000000294bf10_0;
    %load/vec4 v0000000002941b50_0;
    %sub;
    %store/vec4 v000000000293d030_0, 0, 32;
    %jmp T_0.10;
T_0.7 ;
    %load/vec4 v000000000294bf10_0;
    %load/vec4 v0000000002941b50_0;
    %parti/s 5, 0, 2;
    %ix/vec4 4;
    %shiftr 4;
    %store/vec4 v000000000293d030_0, 0, 32;
    %jmp T_0.10;
T_0.8 ;
    %load/vec4 v000000000294bf10_0;
    %load/vec4 v0000000002941b50_0;
    %parti/s 5, 0, 2;
    %ix/vec4 4;
    %shiftl 4;
    %store/vec4 v000000000293d030_0, 0, 32;
    %jmp T_0.10;
T_0.10 ;
    %pop/vec4 1;
    %jmp T_0;
    .thread T_0, $push;
    .scope S_000000000293ce10;
T_1 ;
    %wait E_0000000002966ec0;
    %load/vec4 v000000000293cf90_0;
    %dup/vec4;
    %pushi/vec4 4, 0, 4;
    %cmp/u;
    %jmp/1 T_1.0, 6;
    %dup/vec4;
    %pushi/vec4 6, 0, 4;
    %cmp/u;
    %jmp/1 T_1.1, 6;
    %pushi/vec4 0, 0, 1;
    %store/vec4 v0000000002964110_0, 0, 1;
    %jmp T_1.3;
T_1.0 ;
    %pushi/vec4 0, 0, 32;
    %load/vec4 v000000000293d0d0_0;
    %cmp/s;
    %flag_get/vec4 5;
    %pushi/vec4 0, 0, 32;
    %load/vec4 v000000000293d170_0;
    %cmp/s;
    %flag_get/vec4 5;
    %and;
    %load/vec4 v00000000028e76b0_0;
    %cmpi/s 0, 0, 32;
    %flag_get/vec4 5;
    %and;
    %flag_set/vec4 8;
    %load/vec4 v000000000293d0d0_0;
    %cmpi/s 0, 0, 32;
    %flag_get/vec4 5;
    %load/vec4 v000000000293d170_0;
    %cmpi/s 0, 0, 32;
    %flag_get/vec4 5;
    %and;
    %pushi/vec4 0, 0, 32;
    %load/vec4 v00000000028e76b0_0;
    %cmp/s;
    %flag_get/vec4 5;
    %and;
    %flag_set/vec4 9;
    %flag_or 9, 8;
    %jmp/0xz  T_1.4, 9;
    %pushi/vec4 1, 0, 1;
    %store/vec4 v0000000002964110_0, 0, 1;
    %jmp T_1.5;
T_1.4 ;
    %pushi/vec4 0, 0, 1;
    %store/vec4 v0000000002964110_0, 0, 1;
T_1.5 ;
    %jmp T_1.3;
T_1.1 ;
    %load/vec4 v000000000293d0d0_0;
    %cmpi/s 0, 0, 32;
    %flag_get/vec4 5;
    %pushi/vec4 0, 0, 32;
    %load/vec4 v000000000293d170_0;
    %cmp/s;
    %flag_get/vec4 5;
    %and;
    %pushi/vec4 0, 0, 32;
    %load/vec4 v00000000028e76b0_0;
    %cmp/s;
    %flag_get/vec4 5;
    %and;
    %flag_set/vec4 8;
    %pushi/vec4 0, 0, 32;
    %load/vec4 v000000000293d0d0_0;
    %cmp/s;
    %flag_get/vec4 5;
    %load/vec4 v000000000293d170_0;
    %cmpi/s 0, 0, 32;
    %flag_get/vec4 5;
    %and;
    %load/vec4 v00000000028e76b0_0;
    %cmpi/s 0, 0, 32;
    %flag_get/vec4 5;
    %and;
    %flag_set/vec4 9;
    %flag_or 9, 8;
    %jmp/0xz  T_1.6, 9;
    %pushi/vec4 1, 0, 1;
    %store/vec4 v0000000002964110_0, 0, 1;
    %jmp T_1.7;
T_1.6 ;
    %pushi/vec4 0, 0, 1;
    %store/vec4 v0000000002964110_0, 0, 1;
T_1.7 ;
    %jmp T_1.3;
T_1.3 ;
    %pop/vec4 1;
    %jmp T_1;
    .thread T_1, $push;
    .scope S_00000000028e7750;
T_2 ;
    %wait E_0000000002967a00;
    %load/vec4 v00000000029c75f0_0;
    %cmpi/e 0, 0, 1;
    %jmp/0xz  T_2.0, 4;
    %pushi/vec4 0, 0, 30;
    %assign/vec4 v00000000029c7cd0_0, 1;
    %pushi/vec4 0, 0, 1;
    %assign/vec4 v00000000029c7690_0, 1;
    %pushi/vec4 0, 0, 1;
    %assign/vec4 v00000000029c7ff0_0, 1;
    %pushi/vec4 0, 0, 2;
    %assign/vec4 v00000000029c7c30_0, 1;
    %pushi/vec4 0, 0, 32;
    %assign/vec4 v00000000029c7b90_0, 1;
    %pushi/vec4 0, 0, 2;
    %assign/vec4 v00000000029c7a50_0, 1;
    %pushi/vec4 0, 0, 5;
    %assign/vec4 v00000000029c7af0_0, 1;
    %pushi/vec4 1, 0, 1;
    %assign/vec4 v00000000029c7870_0, 1;
    %pushi/vec4 0, 0, 3;
    %assign/vec4 v00000000029c74b0_0, 1;
    %pushi/vec4 0, 0, 32;
    %assign/vec4 v00000000029c72d0_0, 1;
    %jmp T_2.1;
T_2.0 ;
    %load/vec4 v00000000029c7410_0;
    %cmpi/e 0, 0, 1;
    %jmp/0xz  T_2.2, 4;
    %load/vec4 v00000000029c7eb0_0;
    %cmpi/e 1, 0, 1;
    %jmp/0xz  T_2.4, 4;
    %pushi/vec4 0, 0, 30;
    %assign/vec4 v00000000029c7cd0_0, 1;
    %pushi/vec4 0, 0, 1;
    %assign/vec4 v00000000029c7690_0, 1;
    %pushi/vec4 0, 0, 1;
    %assign/vec4 v00000000029c7ff0_0, 1;
    %pushi/vec4 0, 0, 2;
    %assign/vec4 v00000000029c7c30_0, 1;
    %pushi/vec4 0, 0, 32;
    %assign/vec4 v00000000029c7b90_0, 1;
    %pushi/vec4 0, 0, 2;
    %assign/vec4 v00000000029c7a50_0, 1;
    %pushi/vec4 0, 0, 5;
    %assign/vec4 v00000000029c7af0_0, 1;
    %pushi/vec4 1, 0, 1;
    %assign/vec4 v00000000029c7870_0, 1;
    %pushi/vec4 0, 0, 3;
    %assign/vec4 v00000000029c74b0_0, 1;
    %pushi/vec4 0, 0, 32;
    %assign/vec4 v00000000029c72d0_0, 1;
    %jmp T_2.5;
T_2.4 ;
    %load/vec4 v00000000029c7370_0;
    %cmpi/e 1, 0, 1;
    %jmp/0xz  T_2.6, 4;
    %load/vec4 v00000000029c7550_0;
    %assign/vec4 v00000000029c7cd0_0, 1;
    %load/vec4 v00000000029c79b0_0;
    %assign/vec4 v00000000029c7690_0, 1;
    %load/vec4 v00000000029c7d70_0;
    %assign/vec4 v00000000029c7ff0_0, 1;
    %pushi/vec4 0, 0, 2;
    %assign/vec4 v00000000029c7c30_0, 1;
    %pushi/vec4 0, 0, 32;
    %assign/vec4 v00000000029c7b90_0, 1;
    %pushi/vec4 0, 0, 2;
    %assign/vec4 v00000000029c7a50_0, 1;
    %pushi/vec4 0, 0, 5;
    %assign/vec4 v00000000029c7af0_0, 1;
    %pushi/vec4 1, 0, 1;
    %assign/vec4 v00000000029c7870_0, 1;
    %pushi/vec4 1, 0, 3;
    %assign/vec4 v00000000029c74b0_0, 1;
    %pushi/vec4 0, 0, 32;
    %assign/vec4 v00000000029c72d0_0, 1;
    %jmp T_2.7;
T_2.6 ;
    %load/vec4 v00000000028e79b0_0;
    %cmpi/e 1, 0, 1;
    %jmp/0xz  T_2.8, 4;
    %load/vec4 v00000000029c7550_0;
    %assign/vec4 v00000000029c7cd0_0, 1;
    %load/vec4 v00000000029c79b0_0;
    %assign/vec4 v00000000029c7690_0, 1;
    %load/vec4 v00000000029c7d70_0;
    %assign/vec4 v00000000029c7ff0_0, 1;
    %pushi/vec4 0, 0, 2;
    %assign/vec4 v00000000029c7c30_0, 1;
    %pushi/vec4 0, 0, 32;
    %assign/vec4 v00000000029c7b90_0, 1;
    %pushi/vec4 0, 0, 2;
    %assign/vec4 v00000000029c7a50_0, 1;
    %pushi/vec4 0, 0, 5;
    %assign/vec4 v00000000029c7af0_0, 1;
    %pushi/vec4 1, 0, 1;
    %assign/vec4 v00000000029c7870_0, 1;
    %pushi/vec4 3, 0, 3;
    %assign/vec4 v00000000029c74b0_0, 1;
    %pushi/vec4 0, 0, 32;
    %assign/vec4 v00000000029c72d0_0, 1;
    %jmp T_2.9;
T_2.8 ;
    %load/vec4 v00000000029c7550_0;
    %assign/vec4 v00000000029c7cd0_0, 1;
    %load/vec4 v00000000029c79b0_0;
    %assign/vec4 v00000000029c7690_0, 1;
    %load/vec4 v00000000029c7d70_0;
    %assign/vec4 v00000000029c7ff0_0, 1;
    %load/vec4 v00000000029c8130_0;
    %assign/vec4 v00000000029c7c30_0, 1;
    %load/vec4 v00000000029c7730_0;
    %assign/vec4 v00000000029c7b90_0, 1;
    %load/vec4 v00000000029c7230_0;
    %assign/vec4 v00000000029c7a50_0, 1;
    %load/vec4 v00000000029c7f50_0;
    %assign/vec4 v00000000029c7af0_0, 1;
    %load/vec4 v00000000029c8090_0;
    %assign/vec4 v00000000029c7870_0, 1;
    %load/vec4 v00000000029c7e10_0;
    %assign/vec4 v00000000029c74b0_0, 1;
    %load/vec4 v00000000029c7910_0;
    %assign/vec4 v00000000029c72d0_0, 1;
T_2.9 ;
T_2.7 ;
T_2.5 ;
T_2.2 ;
T_2.1 ;
    %jmp T_2;
    .thread T_2;
# The file index is used to find the file name in the following table.
:file_names 5;
    "N/A";
    "<interactive>";
    "ex_stage.v";
    "./alu.v";
    "./ex_reg.v";
