#! c:/iverilog-x64/bin/vvp
:ivl_version "10.1 (stable)" "(v10_1_1)";
:ivl_delay_selection "TYPICAL";
:vpi_time_precision + 0;
:vpi_module "system";
:vpi_module "vhdl_sys";
:vpi_module "v2005_math";
:vpi_module "va_math";
S_00000000028f76f0 .scope module, "ctrl" "ctrl" 2 7;
 .timescale 0 0;
    .port_info 0 /INPUT 1 "clk"
    .port_info 1 /INPUT 1 "reset_"
    .port_info 2 /INPUT 5 "creg_rd_addr"
    .port_info 3 /OUTPUT 32 "creg_rd_data"
    .port_info 4 /OUTPUT 1 "exe_mode"
    .port_info 5 /INPUT 8 "irq"
    .port_info 6 /OUTPUT 1 "int_detect"
    .port_info 7 /INPUT 30 "id_pc"
    .port_info 8 /INPUT 30 "mem_pc"
    .port_info 9 /INPUT 1 "mem_en"
    .port_info 10 /INPUT 1 "mem_br_flag"
    .port_info 11 /INPUT 2 "mem_ctrl_op"
    .port_info 12 /INPUT 5 "mem_dst_addr"
    .port_info 13 /INPUT 1 "mem_gpr_we_"
    .port_info 14 /INPUT 3 "mem_exp_code"
    .port_info 15 /INPUT 32 "mem_out"
    .port_info 16 /INPUT 32 "if_busy"
    .port_info 17 /INPUT 1 "ld_hazard"
    .port_info 18 /INPUT 1 "mem_busy"
    .port_info 19 /OUTPUT 1 "if_stall"
    .port_info 20 /OUTPUT 1 "id_stall"
    .port_info 21 /OUTPUT 1 "ex_stall"
    .port_info 22 /OUTPUT 1 "mem_stall"
    .port_info 23 /OUTPUT 1 "if_flush"
    .port_info 24 /OUTPUT 1 "id_flush"
    .port_info 25 /OUTPUT 1 "ex_flush"
    .port_info 26 /OUTPUT 1 "mem_flush"
    .port_info 27 /OUTPUT 30 "new_pc"
o00000000048eafa8 .functor BUFZ 32, C4<zzzzzzzzzzzzzzzzzzzzzzzzzzzzzzzz>; HiZ drive
L_00000000048c7d00 .functor OR 32, o00000000048eafa8, L_0000000004940800, C4<00000000000000000000000000000000>, C4<00000000000000000000000000000000>;
o00000000048eb0c8 .functor BUFZ 1, C4<z>; HiZ drive
L_00000000048c81d0 .functor OR 1, L_0000000004941340, o00000000048eb0c8, C4<0>, C4<0>;
L_00000000048c8390 .functor BUFZ 1, L_0000000004941340, C4<0>, C4<0>, C4<0>;
L_00000000048c84e0 .functor BUFZ 1, L_0000000004941340, C4<0>, C4<0>, C4<0>;
L_00000000048c82b0 .functor BUFZ 1, L_0000000004941340, C4<0>, C4<0>, C4<0>;
L_00000000048c7d70 .functor BUFZ 1, v00000000048ea180_0, C4<0>, C4<0>, C4<0>;
L_00000000048c8550 .functor OR 1, v00000000048ea180_0, o00000000048eb0c8, C4<0>, C4<0>;
L_00000000048c8860 .functor BUFZ 1, v00000000048ea180_0, C4<0>, C4<0>, C4<0>;
L_00000000048c86a0 .functor BUFZ 1, v00000000048ea180_0, C4<0>, C4<0>, C4<0>;
v00000000048eaae0_0 .net *"_s0", 31 0, L_0000000004940800;  1 drivers
L_0000000004cb0088 .functor BUFT 1, C4<0000000000000000000000000000000>, C4<0>, C4<0>, C4<0>;
v00000000048ea860_0 .net *"_s3", 30 0, L_0000000004cb0088;  1 drivers
v00000000048ea4a0_0 .net *"_s4", 31 0, L_00000000048c7d00;  1 drivers
v00000000048ea400_0 .var "br_flag", 0 0;
o00000000048ead08 .functor BUFZ 1, C4<z>; HiZ drive
v00000000048ea9a0_0 .net "clk", 0 0, o00000000048ead08;  0 drivers
o00000000048ead38 .functor BUFZ 5, C4<zzzzz>; HiZ drive
v00000000048ea680_0 .net "creg_rd_addr", 4 0, o00000000048ead38;  0 drivers
v00000000048eab80_0 .var "creg_rd_data", 31 0;
v00000000048ea540_0 .var "dly_flag", 0 0;
v00000000048ea0e0_0 .var "epc", 29 0;
RS_00000000048eadf8 .resolv tri, L_00000000048c7d70, L_00000000048c8860;
v00000000048eaa40_0 .net8 "ex_flush", 0 0, RS_00000000048eadf8;  2 drivers
v00000000048ea040_0 .net "ex_stall", 0 0, L_00000000048c84e0;  1 drivers
v00000000048ea220_0 .var "exe_mode", 0 0;
v00000000048ea720_0 .var "exp_code", 2 0;
v00000000048e9c80_0 .var "exp_vector", 29 0;
v00000000048ea180_0 .var "flush", 0 0;
v00000000048e9d20_0 .net "id_flush", 0 0, L_00000000048c8550;  1 drivers
o00000000048eaf48 .functor BUFZ 30, C4<zzzzzzzzzzzzzzzzzzzzzzzzzzzzzz>; HiZ drive
v00000000048e9dc0_0 .net "id_pc", 29 0, o00000000048eaf48;  0 drivers
v00000000048e9e60_0 .net "id_stall", 0 0, L_00000000048c8390;  1 drivers
v00000000048e9f00_0 .net "if_busy", 31 0, o00000000048eafa8;  0 drivers
o00000000048eafd8 .functor BUFZ 1, C4<z>; HiZ drive
v00000000048ea2c0_0 .net "if_flush", 0 0, o00000000048eafd8;  0 drivers
v00000000048ea360_0 .net "if_stall", 0 0, L_00000000048c81d0;  1 drivers
v00000000048ea7c0_0 .var "int_detect", 0 0;
v00000000048ea5e0_0 .var "int_en", 0 0;
o00000000048eb098 .functor BUFZ 8, C4<zzzzzzzz>; HiZ drive
v0000000004941160_0 .net "irq", 7 0, o00000000048eb098;  0 drivers
v00000000049406c0_0 .net "ld_hazard", 0 0, o00000000048eb0c8;  0 drivers
v0000000004941520_0 .var "mask", 7 0;
o00000000048eb128 .functor BUFZ 1, C4<z>; HiZ drive
v0000000004941f20_0 .net "mem_br_flag", 0 0, o00000000048eb128;  0 drivers
o00000000048eb158 .functor BUFZ 1, C4<z>; HiZ drive
v00000000049403a0_0 .net "mem_busy", 0 0, o00000000048eb158;  0 drivers
o00000000048eb188 .functor BUFZ 2, C4<zz>; HiZ drive
v0000000004940bc0_0 .net "mem_ctrl_op", 1 0, o00000000048eb188;  0 drivers
o00000000048eb1b8 .functor BUFZ 5, C4<zzzzz>; HiZ drive
v0000000004941e80_0 .net "mem_dst_addr", 4 0, o00000000048eb1b8;  0 drivers
o00000000048eb1e8 .functor BUFZ 1, C4<z>; HiZ drive
v00000000049415c0_0 .net "mem_en", 0 0, o00000000048eb1e8;  0 drivers
o00000000048eb218 .functor BUFZ 3, C4<zzz>; HiZ drive
v0000000004941660_0 .net "mem_exp_code", 2 0, o00000000048eb218;  0 drivers
v00000000049417a0_0 .net "mem_flush", 0 0, L_00000000048c86a0;  1 drivers
o00000000048eb278 .functor BUFZ 1, C4<z>; HiZ drive
v0000000004940ee0_0 .net "mem_gpr_we_", 0 0, o00000000048eb278;  0 drivers
o00000000048eb2a8 .functor BUFZ 32, C4<zzzzzzzzzzzzzzzzzzzzzzzzzzzzzzzz>; HiZ drive
v0000000004941200_0 .net "mem_out", 31 0, o00000000048eb2a8;  0 drivers
o00000000048eb2d8 .functor BUFZ 30, C4<zzzzzzzzzzzzzzzzzzzzzzzzzzzzzz>; HiZ drive
v0000000004940080_0 .net "mem_pc", 29 0, o00000000048eb2d8;  0 drivers
v0000000004940120_0 .net "mem_stall", 0 0, L_00000000048c82b0;  1 drivers
v0000000004940760_0 .var "new_pc", 29 0;
v0000000004941d40_0 .var "pre_exe_mode", 0 0;
v00000000049418e0_0 .var "pre_int_en", 0 0;
v0000000004940f80_0 .var "pre_pc", 29 0;
o00000000048eb3f8 .functor BUFZ 1, C4<z>; HiZ drive
v0000000004940d00_0 .net "reset_", 0 0, o00000000048eb3f8;  0 drivers
v00000000049401c0_0 .net "stall", 0 0, L_0000000004941340;  1 drivers
E_00000000048b38a0/0 .event negedge, v0000000004940d00_0;
E_00000000048b38a0/1 .event posedge, v00000000048ea9a0_0;
E_00000000048b38a0 .event/or E_00000000048b38a0/0, E_00000000048b38a0/1;
E_00000000048b4320/0 .event edge, v00000000048ea680_0, v00000000048ea5e0_0, v00000000048ea220_0, v00000000049418e0_0;
E_00000000048b4320/1 .event edge, v0000000004941d40_0, v00000000048e9dc0_0, v00000000048ea0e0_0, v00000000048e9c80_0;
E_00000000048b4320/2 .event edge, v00000000048ea540_0, v00000000048ea720_0, v0000000004941520_0, v0000000004941160_0;
E_00000000048b4320 .event/or E_00000000048b4320/0, E_00000000048b4320/1, E_00000000048b4320/2;
E_00000000048b35a0 .event edge, v00000000048ea5e0_0, v0000000004941520_0, v0000000004941160_0;
E_00000000048b3f20/0 .event edge, v00000000049415c0_0, v0000000004941660_0, v00000000048e9c80_0, v0000000004940bc0_0;
E_00000000048b3f20/1 .event edge, v00000000048ea0e0_0, v0000000004940080_0;
E_00000000048b3f20 .event/or E_00000000048b3f20/0, E_00000000048b3f20/1;
L_0000000004940800 .concat [ 1 31 0 0], o00000000048eb158, L_0000000004cb0088;
L_0000000004941340 .part L_00000000048c7d00, 0, 1;
    .scope S_00000000028f76f0;
T_0 ;
    %wait E_00000000048b3f20;
    %pushi/vec4 0, 0, 30;
    %store/vec4 v0000000004940760_0, 0, 30;
    %pushi/vec4 0, 0, 1;
    %store/vec4 v00000000048ea180_0, 0, 1;
    %load/vec4 v00000000049415c0_0;
    %cmpi/e 1, 0, 1;
    %jmp/0xz  T_0.0, 4;
    %load/vec4 v0000000004941660_0;
    %cmpi/ne 0, 0, 3;
    %jmp/0xz  T_0.2, 4;
    %load/vec4 v00000000048e9c80_0;
    %store/vec4 v0000000004940760_0, 0, 30;
    %pushi/vec4 1, 0, 1;
    %store/vec4 v00000000048ea180_0, 0, 1;
    %jmp T_0.3;
T_0.2 ;
    %load/vec4 v0000000004940bc0_0;
    %cmpi/e 2, 0, 2;
    %jmp/0xz  T_0.4, 4;
    %load/vec4 v00000000048ea0e0_0;
    %store/vec4 v0000000004940760_0, 0, 30;
    %pushi/vec4 1, 0, 1;
    %store/vec4 v00000000048ea180_0, 0, 1;
    %jmp T_0.5;
T_0.4 ;
    %load/vec4 v0000000004940bc0_0;
    %cmpi/e 1, 0, 2;
    %jmp/0xz  T_0.6, 4;
    %load/vec4 v0000000004940080_0;
    %store/vec4 v0000000004940760_0, 0, 30;
    %pushi/vec4 1, 0, 1;
    %store/vec4 v00000000048ea180_0, 0, 1;
T_0.6 ;
T_0.5 ;
T_0.3 ;
T_0.0 ;
    %jmp T_0;
    .thread T_0, $push;
    .scope S_00000000028f76f0;
T_1 ;
    %wait E_00000000048b35a0;
    %load/vec4 v00000000048ea5e0_0;
    %pushi/vec4 1, 0, 1;
    %cmp/e;
    %flag_get/vec4 4;
    %load/vec4 v0000000004941520_0;
    %inv;
    %load/vec4 v0000000004941160_0;
    %and;
    %or/r;
    %pushi/vec4 1, 0, 1;
    %cmp/e;
    %flag_get/vec4 4;
    %and;
    %flag_set/vec4 8;
    %jmp/0xz  T_1.0, 8;
    %pushi/vec4 1, 0, 1;
    %store/vec4 v00000000048ea7c0_0, 0, 1;
    %jmp T_1.1;
T_1.0 ;
    %pushi/vec4 0, 0, 1;
    %store/vec4 v00000000048ea7c0_0, 0, 1;
T_1.1 ;
    %jmp T_1;
    .thread T_1, $push;
    .scope S_00000000028f76f0;
T_2 ;
    %wait E_00000000048b4320;
    %load/vec4 v00000000048ea680_0;
    %dup/vec4;
    %pushi/vec4 0, 0, 5;
    %cmp/u;
    %jmp/1 T_2.0, 6;
    %dup/vec4;
    %pushi/vec4 1, 0, 5;
    %cmp/u;
    %jmp/1 T_2.1, 6;
    %dup/vec4;
    %pushi/vec4 2, 0, 5;
    %cmp/u;
    %jmp/1 T_2.2, 6;
    %dup/vec4;
    %pushi/vec4 3, 0, 5;
    %cmp/u;
    %jmp/1 T_2.3, 6;
    %dup/vec4;
    %pushi/vec4 4, 0, 5;
    %cmp/u;
    %jmp/1 T_2.4, 6;
    %dup/vec4;
    %pushi/vec4 5, 0, 5;
    %cmp/u;
    %jmp/1 T_2.5, 6;
    %dup/vec4;
    %pushi/vec4 6, 0, 5;
    %cmp/u;
    %jmp/1 T_2.6, 6;
    %dup/vec4;
    %pushi/vec4 7, 0, 5;
    %cmp/u;
    %jmp/1 T_2.7, 6;
    %dup/vec4;
    %pushi/vec4 29, 0, 5;
    %cmp/u;
    %jmp/1 T_2.8, 6;
    %dup/vec4;
    %pushi/vec4 30, 0, 5;
    %cmp/u;
    %jmp/1 T_2.9, 6;
    %pushi/vec4 0, 0, 32;
    %store/vec4 v00000000048eab80_0, 0, 32;
    %jmp T_2.11;
T_2.0 ;
    %pushi/vec4 0, 0, 30;
    %load/vec4 v00000000048ea5e0_0;
    %concat/vec4; draw_concat_vec4
    %load/vec4 v00000000048ea220_0;
    %concat/vec4; draw_concat_vec4
    %store/vec4 v00000000048eab80_0, 0, 32;
    %jmp T_2.11;
T_2.1 ;
    %pushi/vec4 0, 0, 30;
    %load/vec4 v00000000049418e0_0;
    %concat/vec4; draw_concat_vec4
    %load/vec4 v0000000004941d40_0;
    %concat/vec4; draw_concat_vec4
    %store/vec4 v00000000048eab80_0, 0, 32;
    %jmp T_2.11;
T_2.2 ;
    %load/vec4 v00000000048e9dc0_0;
    %concati/vec4 0, 0, 2;
    %store/vec4 v00000000048eab80_0, 0, 32;
    %jmp T_2.11;
T_2.3 ;
    %load/vec4 v00000000048ea0e0_0;
    %concati/vec4 0, 0, 2;
    %store/vec4 v00000000048eab80_0, 0, 32;
    %jmp T_2.11;
T_2.4 ;
    %load/vec4 v00000000048e9c80_0;
    %concati/vec4 0, 0, 2;
    %store/vec4 v00000000048eab80_0, 0, 32;
    %jmp T_2.11;
T_2.5 ;
    %pushi/vec4 0, 0, 28;
    %load/vec4 v00000000048ea540_0;
    %concat/vec4; draw_concat_vec4
    %load/vec4 v00000000048ea720_0;
    %concat/vec4; draw_concat_vec4
    %store/vec4 v00000000048eab80_0, 0, 32;
    %jmp T_2.11;
T_2.6 ;
    %pushi/vec4 0, 0, 24;
    %load/vec4 v0000000004941520_0;
    %concat/vec4; draw_concat_vec4
    %store/vec4 v00000000048eab80_0, 0, 32;
    %jmp T_2.11;
T_2.7 ;
    %pushi/vec4 0, 0, 24;
    %load/vec4 v0000000004941160_0;
    %concat/vec4; draw_concat_vec4
    %store/vec4 v00000000048eab80_0, 0, 32;
    %jmp T_2.11;
T_2.8 ;
    %pushi/vec4 8192, 0, 32;
    %store/vec4 v00000000048eab80_0, 0, 32;
    %jmp T_2.11;
T_2.9 ;
    %pushi/vec4 16384, 0, 32;
    %store/vec4 v00000000048eab80_0, 0, 32;
    %jmp T_2.11;
T_2.11 ;
    %pop/vec4 1;
    %jmp T_2;
    .thread T_2, $push;
    .scope S_00000000028f76f0;
T_3 ;
    %wait E_00000000048b38a0;
    %load/vec4 v0000000004940d00_0;
    %cmpi/e 0, 0, 1;
    %jmp/0xz  T_3.0, 4;
    %pushi/vec4 0, 0, 1;
    %assign/vec4 v00000000048ea220_0, 1;
    %pushi/vec4 0, 0, 1;
    %assign/vec4 v00000000048ea5e0_0, 1;
    %pushi/vec4 0, 0, 1;
    %assign/vec4 v0000000004941d40_0, 1;
    %pushi/vec4 0, 0, 1;
    %assign/vec4 v00000000049418e0_0, 1;
    %pushi/vec4 0, 0, 3;
    %assign/vec4 v00000000048ea720_0, 1;
    %pushi/vec4 255, 0, 8;
    %assign/vec4 v0000000004941520_0, 1;
    %pushi/vec4 0, 0, 1;
    %assign/vec4 v00000000048ea540_0, 1;
    %pushi/vec4 0, 0, 30;
    %assign/vec4 v00000000048ea0e0_0, 1;
    %pushi/vec4 0, 0, 30;
    %assign/vec4 v00000000048e9c80_0, 1;
    %pushi/vec4 0, 0, 30;
    %assign/vec4 v0000000004940f80_0, 1;
    %pushi/vec4 0, 0, 1;
    %assign/vec4 v00000000048ea400_0, 1;
    %jmp T_3.1;
T_3.0 ;
    %load/vec4 v00000000049415c0_0;
    %pushi/vec4 1, 0, 1;
    %cmp/e;
    %flag_get/vec4 4;
    %load/vec4 v00000000049401c0_0;
    %pushi/vec4 0, 0, 1;
    %cmp/e;
    %flag_get/vec4 4;
    %and;
    %flag_set/vec4 8;
    %jmp/0xz  T_3.2, 8;
    %load/vec4 v0000000004940080_0;
    %assign/vec4 v0000000004940f80_0, 1;
    %load/vec4 v0000000004941f20_0;
    %assign/vec4 v00000000048ea400_0, 1;
    %load/vec4 v0000000004941660_0;
    %cmpi/ne 0, 0, 3;
    %jmp/0xz  T_3.4, 4;
    %pushi/vec4 0, 0, 1;
    %assign/vec4 v00000000048ea220_0, 1;
    %pushi/vec4 0, 0, 1;
    %assign/vec4 v00000000048ea5e0_0, 1;
    %load/vec4 v00000000048ea220_0;
    %assign/vec4 v0000000004941d40_0, 1;
    %load/vec4 v00000000048ea5e0_0;
    %assign/vec4 v00000000049418e0_0, 1;
    %load/vec4 v0000000004941660_0;
    %assign/vec4 v00000000048ea720_0, 1;
    %load/vec4 v00000000048ea400_0;
    %assign/vec4 v00000000048ea540_0, 1;
    %load/vec4 v0000000004940f80_0;
    %assign/vec4 v00000000048ea0e0_0, 1;
    %jmp T_3.5;
T_3.4 ;
    %load/vec4 v0000000004940bc0_0;
    %cmpi/e 2, 0, 2;
    %jmp/0xz  T_3.6, 4;
    %load/vec4 v0000000004941d40_0;
    %assign/vec4 v00000000048ea220_0, 1;
    %load/vec4 v00000000049418e0_0;
    %assign/vec4 v00000000048ea5e0_0, 1;
    %jmp T_3.7;
T_3.6 ;
    %load/vec4 v0000000004940bc0_0;
    %cmpi/e 1, 0, 2;
    %jmp/0xz  T_3.8, 4;
    %load/vec4 v0000000004941e80_0;
    %dup/vec4;
    %pushi/vec4 0, 0, 5;
    %cmp/u;
    %jmp/1 T_3.10, 6;
    %dup/vec4;
    %pushi/vec4 1, 0, 5;
    %cmp/u;
    %jmp/1 T_3.11, 6;
    %dup/vec4;
    %pushi/vec4 4, 0, 5;
    %cmp/u;
    %jmp/1 T_3.12, 6;
    %dup/vec4;
    %pushi/vec4 5, 0, 5;
    %cmp/u;
    %jmp/1 T_3.13, 6;
    %dup/vec4;
    %pushi/vec4 6, 0, 5;
    %cmp/u;
    %jmp/1 T_3.14, 6;
    %jmp T_3.15;
T_3.10 ;
    %load/vec4 v0000000004941200_0;
    %parti/s 1, 0, 2;
    %assign/vec4 v00000000048ea220_0, 1;
    %load/vec4 v0000000004941200_0;
    %parti/s 1, 1, 2;
    %assign/vec4 v00000000048ea5e0_0, 1;
    %jmp T_3.15;
T_3.11 ;
    %load/vec4 v0000000004941200_0;
    %parti/s 1, 0, 2;
    %assign/vec4 v0000000004941d40_0, 1;
    %load/vec4 v0000000004941200_0;
    %parti/s 1, 1, 2;
    %assign/vec4 v00000000049418e0_0, 1;
    %jmp T_3.15;
T_3.12 ;
    %load/vec4 v0000000004941200_0;
    %parti/s 30, 2, 3;
    %assign/vec4 v00000000048e9c80_0, 1;
    %jmp T_3.15;
T_3.13 ;
    %load/vec4 v0000000004941200_0;
    %parti/s 1, 3, 3;
    %assign/vec4 v00000000048ea540_0, 1;
    %load/vec4 v0000000004941200_0;
    %parti/s 3, 0, 2;
    %assign/vec4 v00000000048ea720_0, 1;
    %jmp T_3.15;
T_3.14 ;
    %load/vec4 v0000000004941200_0;
    %parti/s 8, 0, 2;
    %assign/vec4 v0000000004941520_0, 1;
    %jmp T_3.15;
T_3.15 ;
    %pop/vec4 1;
T_3.8 ;
T_3.7 ;
T_3.5 ;
T_3.2 ;
T_3.1 ;
    %jmp T_3;
    .thread T_3;
# The file index is used to find the file name in the following table.
:file_names 3;
    "N/A";
    "<interactive>";
    "ctrl.v";
