#! c:/iverilog-x64/bin/vvp
:ivl_version "10.1 (stable)" "(v10_1_1)";
:ivl_delay_selection "TYPICAL";
:vpi_time_precision + 0;
:vpi_module "system";
:vpi_module "vhdl_sys";
:vpi_module "v2005_math";
:vpi_module "va_math";
S_0000000003227630 .scope module, "gpr" "gpr" 2 4;
 .timescale 0 0;
    .port_info 0 /INPUT 1 "clk"
    .port_info 1 /INPUT 1 "reset_"
    .port_info 2 /INPUT 5 "rd_addr_0"
    .port_info 3 /OUTPUT 32 "rd_data_0"
    .port_info 4 /INPUT 5 "rd_addr_1"
    .port_info 5 /OUTPUT 32 "rd_data_1"
    .port_info 6 /INPUT 1 "we_"
    .port_info 7 /INPUT 32 "wr_addr"
    .port_info 8 /INPUT 32 "wr_data"
o0000000002873758 .functor BUFZ 1, C4<z>; HiZ drive
L_00000000028c3fa8 .functor BUFT 1, C4<0>, C4<0>, C4<0>, C4<0>;
L_0000000002870e40 .functor XNOR 1, o0000000002873758, L_00000000028c3fa8, C4<0>, C4<0>;
L_0000000002870fd0 .functor AND 1, L_0000000002870e40, L_00000000028c24e0, C4<1>, C4<1>;
L_00000000028c4080 .functor BUFT 1, C4<0>, C4<0>, C4<0>, C4<0>;
L_0000000002870c00 .functor XNOR 1, o0000000002873758, L_00000000028c4080, C4<0>, C4<0>;
L_00000000032278c0 .functor AND 1, L_0000000002870c00, L_00000000028c2580, C4<1>, C4<1>;
v0000000002872ec0_0 .net/2u *"_s0", 0 0, L_00000000028c3fa8;  1 drivers
v0000000002872f60_0 .net *"_s10", 0 0, L_0000000002870fd0;  1 drivers
v00000000028729c0_0 .net *"_s12", 31 0, L_00000000028c2260;  1 drivers
v0000000002872ce0_0 .net *"_s14", 6 0, L_00000000028c1fe0;  1 drivers
L_00000000028c4038 .functor BUFT 1, C4<00>, C4<0>, C4<0>, C4<0>;
v0000000002872560_0 .net *"_s17", 1 0, L_00000000028c4038;  1 drivers
v0000000002872a60_0 .net *"_s2", 0 0, L_0000000002870e40;  1 drivers
v0000000002872380_0 .net/2u *"_s20", 0 0, L_00000000028c4080;  1 drivers
v0000000002873000_0 .net *"_s22", 0 0, L_0000000002870c00;  1 drivers
v0000000002872b00_0 .net *"_s24", 31 0, L_00000000028c2e40;  1 drivers
L_00000000028c40c8 .functor BUFT 1, C4<000000000000000000000000000>, C4<0>, C4<0>, C4<0>;
v00000000028727e0_0 .net *"_s27", 26 0, L_00000000028c40c8;  1 drivers
v0000000002872ba0_0 .net *"_s28", 0 0, L_00000000028c2580;  1 drivers
v00000000028722e0_0 .net *"_s30", 0 0, L_00000000032278c0;  1 drivers
v0000000002872c40_0 .net *"_s32", 31 0, L_00000000028c2ee0;  1 drivers
v0000000002872600_0 .net *"_s34", 6 0, L_00000000028c3a20;  1 drivers
L_00000000028c4110 .functor BUFT 1, C4<00>, C4<0>, C4<0>, C4<0>;
v0000000002872420_0 .net *"_s37", 1 0, L_00000000028c4110;  1 drivers
v0000000002872880_0 .net *"_s4", 31 0, L_00000000028c3200;  1 drivers
L_00000000028c3ff0 .functor BUFT 1, C4<000000000000000000000000000>, C4<0>, C4<0>, C4<0>;
v0000000002873140_0 .net *"_s7", 26 0, L_00000000028c3ff0;  1 drivers
v00000000028724c0_0 .net *"_s8", 0 0, L_00000000028c24e0;  1 drivers
o0000000002873608 .functor BUFZ 1, C4<z>; HiZ drive
v0000000002872d80_0 .net "clk", 0 0, o0000000002873608;  0 drivers
v00000000028726a0 .array "gpr", 0 31, 31 0;
v0000000002872740_0 .var/i "i", 31 0;
o0000000002873668 .functor BUFZ 5, C4<zzzzz>; HiZ drive
v0000000002872920_0 .net "rd_addr_0", 4 0, o0000000002873668;  0 drivers
o0000000002873698 .functor BUFZ 5, C4<zzzzz>; HiZ drive
v00000000028c3340_0 .net "rd_addr_1", 4 0, o0000000002873698;  0 drivers
v00000000028c2120_0 .net "rd_data_0", 31 0, L_00000000028c3480;  1 drivers
v00000000028c2440_0 .net "rd_data_1", 31 0, L_00000000028c2bc0;  1 drivers
o0000000002873728 .functor BUFZ 1, C4<z>; HiZ drive
v00000000028c3de0_0 .net "reset_", 0 0, o0000000002873728;  0 drivers
v00000000028c29e0_0 .net "we_", 0 0, o0000000002873758;  0 drivers
o0000000002873788 .functor BUFZ 32, C4<zzzzzzzzzzzzzzzzzzzzzzzzzzzzzzzz>; HiZ drive
v00000000028c3e80_0 .net "wr_addr", 31 0, o0000000002873788;  0 drivers
o00000000028737b8 .functor BUFZ 32, C4<zzzzzzzzzzzzzzzzzzzzzzzzzzzzzzzz>; HiZ drive
v00000000028c3c00_0 .net "wr_data", 31 0, o00000000028737b8;  0 drivers
E_000000000286a520/0 .event negedge, v00000000028c3de0_0;
E_000000000286a520/1 .event posedge, v0000000002872d80_0;
E_000000000286a520 .event/or E_000000000286a520/0, E_000000000286a520/1;
L_00000000028c3200 .concat [ 5 27 0 0], o0000000002873668, L_00000000028c3ff0;
L_00000000028c24e0 .cmp/eq 32, o0000000002873788, L_00000000028c3200;
L_00000000028c2260 .array/port v00000000028726a0, L_00000000028c1fe0;
L_00000000028c1fe0 .concat [ 5 2 0 0], o0000000002873668, L_00000000028c4038;
L_00000000028c3480 .functor MUXZ 32, L_00000000028c2260, o00000000028737b8, L_0000000002870fd0, C4<>;
L_00000000028c2e40 .concat [ 5 27 0 0], o0000000002873698, L_00000000028c40c8;
L_00000000028c2580 .cmp/eq 32, o0000000002873788, L_00000000028c2e40;
L_00000000028c2ee0 .array/port v00000000028726a0, L_00000000028c3a20;
L_00000000028c3a20 .concat [ 5 2 0 0], o0000000002873698, L_00000000028c4110;
L_00000000028c2bc0 .functor MUXZ 32, L_00000000028c2ee0, o00000000028737b8, L_00000000032278c0, C4<>;
    .scope S_0000000003227630;
T_0 ;
    %wait E_000000000286a520;
    %load/vec4 v00000000028c3de0_0;
    %cmpi/e 0, 0, 1;
    %jmp/0xz  T_0.0, 4;
    %pushi/vec4 0, 0, 32;
    %store/vec4 v0000000002872740_0, 0, 32;
T_0.2 ;
    %load/vec4 v0000000002872740_0;
    %cmpi/s 32, 0, 32;
    %jmp/0xz T_0.3, 5;
    %pushi/vec4 0, 0, 32;
    %ix/getv/s 3, v0000000002872740_0;
    %ix/load 4, 1, 0; Constant delay
    %assign/vec4/a/d v00000000028726a0, 0, 4;
    %load/vec4 v0000000002872740_0;
    %addi 1, 0, 32;
    %store/vec4 v0000000002872740_0, 0, 32;
    %jmp T_0.2;
T_0.3 ;
    %jmp T_0.1;
T_0.0 ;
    %load/vec4 v00000000028c29e0_0;
    %cmpi/e 0, 0, 1;
    %jmp/0xz  T_0.4, 4;
    %load/vec4 v00000000028c3c00_0;
    %ix/getv 3, v00000000028c3e80_0;
    %ix/load 4, 1, 0; Constant delay
    %assign/vec4/a/d v00000000028726a0, 0, 4;
T_0.4 ;
T_0.1 ;
    %jmp T_0;
    .thread T_0;
# The file index is used to find the file name in the following table.
:file_names 3;
    "N/A";
    "<interactive>";
    "gpr.v";
