#! c:/iverilog-x64/bin/vvp
:ivl_version "10.1 (stable)" "(v10_1_1)";
:ivl_delay_selection "TYPICAL";
:vpi_time_precision + 0;
:vpi_module "system";
:vpi_module "vhdl_sys";
:vpi_module "v2005_math";
:vpi_module "va_math";
S_00000000030875d0 .scope module, "bus_slave_mux" "bus_slave_mux" 2 6;
 .timescale 0 0;
    .port_info 0 /INPUT 1 "s0_cs_"
    .port_info 1 /INPUT 32 "s0_rd_data"
    .port_info 2 /INPUT 1 "s0_rdy_"
    .port_info 3 /INPUT 1 "s1_cs_"
    .port_info 4 /INPUT 32 "s1_rd_data"
    .port_info 5 /INPUT 1 "s1_rdy_"
    .port_info 6 /INPUT 1 "s2_cs_"
    .port_info 7 /INPUT 32 "s2_rd_data"
    .port_info 8 /INPUT 1 "s2_rdy_"
    .port_info 9 /INPUT 1 "s3_cs_"
    .port_info 10 /INPUT 32 "s3_rd_data"
    .port_info 11 /INPUT 1 "s3_rdy_"
    .port_info 12 /INPUT 1 "s4_cs_"
    .port_info 13 /INPUT 32 "s4_rd_data"
    .port_info 14 /INPUT 1 "s4_rdy_"
    .port_info 15 /INPUT 1 "s5_cs_"
    .port_info 16 /INPUT 32 "s5_rd_data"
    .port_info 17 /INPUT 1 "s5_rdy_"
    .port_info 18 /INPUT 1 "s6_cs_"
    .port_info 19 /INPUT 32 "s6_rd_data"
    .port_info 20 /INPUT 1 "s6_rdy_"
    .port_info 21 /INPUT 1 "s7_cs_"
    .port_info 22 /INPUT 32 "s7_rd_data"
    .port_info 23 /INPUT 1 "s7_rdy_"
    .port_info 24 /OUTPUT 32 "m_rd_data"
    .port_info 25 /OUTPUT 1 "m_rdy_"
v0000000003087900_0 .var "m_rd_data", 31 0;
v0000000002fdcce0_0 .var "m_rdy_", 0 0;
o0000000002f85038 .functor BUFZ 1, C4<z>; HiZ drive
v0000000002fdcd80_0 .net "s0_cs_", 0 0, o0000000002f85038;  0 drivers
o0000000002f85068 .functor BUFZ 32, C4<zzzzzzzzzzzzzzzzzzzzzzzzzzzzzzzz>; HiZ drive
v0000000002fdce20_0 .net "s0_rd_data", 31 0, o0000000002f85068;  0 drivers
o0000000002f85098 .functor BUFZ 1, C4<z>; HiZ drive
v0000000002fdcec0_0 .net "s0_rdy_", 0 0, o0000000002f85098;  0 drivers
o0000000002f850c8 .functor BUFZ 1, C4<z>; HiZ drive
v0000000002fdcf60_0 .net "s1_cs_", 0 0, o0000000002f850c8;  0 drivers
o0000000002f850f8 .functor BUFZ 32, C4<zzzzzzzzzzzzzzzzzzzzzzzzzzzzzzzz>; HiZ drive
v0000000002fdd000_0 .net "s1_rd_data", 31 0, o0000000002f850f8;  0 drivers
o0000000002f85128 .functor BUFZ 1, C4<z>; HiZ drive
v0000000002fdd0a0_0 .net "s1_rdy_", 0 0, o0000000002f85128;  0 drivers
o0000000002f85158 .functor BUFZ 1, C4<z>; HiZ drive
v0000000002fdd140_0 .net "s2_cs_", 0 0, o0000000002f85158;  0 drivers
o0000000002f85188 .functor BUFZ 32, C4<zzzzzzzzzzzzzzzzzzzzzzzzzzzzzzzz>; HiZ drive
v0000000002fdd1e0_0 .net "s2_rd_data", 31 0, o0000000002f85188;  0 drivers
o0000000002f851b8 .functor BUFZ 1, C4<z>; HiZ drive
v0000000002fdd280_0 .net "s2_rdy_", 0 0, o0000000002f851b8;  0 drivers
o0000000002f851e8 .functor BUFZ 1, C4<z>; HiZ drive
v0000000002fdd320_0 .net "s3_cs_", 0 0, o0000000002f851e8;  0 drivers
o0000000002f85218 .functor BUFZ 32, C4<zzzzzzzzzzzzzzzzzzzzzzzzzzzzzzzz>; HiZ drive
v0000000002fdd3c0_0 .net "s3_rd_data", 31 0, o0000000002f85218;  0 drivers
o0000000002f85248 .functor BUFZ 1, C4<z>; HiZ drive
v0000000002fdd460_0 .net "s3_rdy_", 0 0, o0000000002f85248;  0 drivers
o0000000002f85278 .functor BUFZ 1, C4<z>; HiZ drive
v0000000002fdd500_0 .net "s4_cs_", 0 0, o0000000002f85278;  0 drivers
o0000000002f852a8 .functor BUFZ 32, C4<zzzzzzzzzzzzzzzzzzzzzzzzzzzzzzzz>; HiZ drive
v0000000002fdd5a0_0 .net "s4_rd_data", 31 0, o0000000002f852a8;  0 drivers
o0000000002f852d8 .functor BUFZ 1, C4<z>; HiZ drive
v0000000002fddeb0_0 .net "s4_rdy_", 0 0, o0000000002f852d8;  0 drivers
o0000000002f85308 .functor BUFZ 1, C4<z>; HiZ drive
v0000000002fddc30_0 .net "s5_cs_", 0 0, o0000000002f85308;  0 drivers
o0000000002f85338 .functor BUFZ 32, C4<zzzzzzzzzzzzzzzzzzzzzzzzzzzzzzzz>; HiZ drive
v0000000002fdd870_0 .net "s5_rd_data", 31 0, o0000000002f85338;  0 drivers
o0000000002f85368 .functor BUFZ 1, C4<z>; HiZ drive
v0000000002fddd70_0 .net "s5_rdy_", 0 0, o0000000002f85368;  0 drivers
o0000000002f85398 .functor BUFZ 1, C4<z>; HiZ drive
v0000000002fddf50_0 .net "s6_cs_", 0 0, o0000000002f85398;  0 drivers
o0000000002f853c8 .functor BUFZ 32, C4<zzzzzzzzzzzzzzzzzzzzzzzzzzzzzzzz>; HiZ drive
v0000000002fde4f0_0 .net "s6_rd_data", 31 0, o0000000002f853c8;  0 drivers
o0000000002f853f8 .functor BUFZ 1, C4<z>; HiZ drive
v0000000002fde090_0 .net "s6_rdy_", 0 0, o0000000002f853f8;  0 drivers
o0000000002f85428 .functor BUFZ 1, C4<z>; HiZ drive
v0000000002fddb90_0 .net "s7_cs_", 0 0, o0000000002f85428;  0 drivers
o0000000002f85458 .functor BUFZ 32, C4<zzzzzzzzzzzzzzzzzzzzzzzzzzzzzzzz>; HiZ drive
v0000000002fddcd0_0 .net "s7_rd_data", 31 0, o0000000002f85458;  0 drivers
o0000000002f85488 .functor BUFZ 1, C4<z>; HiZ drive
v0000000002fde590_0 .net "s7_rdy_", 0 0, o0000000002f85488;  0 drivers
E_0000000002f82690/0 .event edge, v0000000002fdcd80_0, v0000000002fdce20_0, v0000000002fdcec0_0, v0000000002fdcf60_0;
E_0000000002f82690/1 .event edge, v0000000002fdd000_0, v0000000002fdd0a0_0, v0000000002fdd140_0, v0000000002fdd1e0_0;
E_0000000002f82690/2 .event edge, v0000000002fdd280_0, v0000000002fdd320_0, v0000000002fdd3c0_0, v0000000002fdd460_0;
E_0000000002f82690/3 .event edge, v0000000002fdd500_0, v0000000002fdd5a0_0, v0000000002fddeb0_0, v0000000002fddc30_0;
E_0000000002f82690/4 .event edge, v0000000002fdd870_0, v0000000002fddd70_0, v0000000002fddf50_0, v0000000002fde4f0_0;
E_0000000002f82690/5 .event edge, v0000000002fde090_0, v0000000002fddb90_0, v0000000002fddcd0_0, v0000000002fde590_0;
E_0000000002f82690 .event/or E_0000000002f82690/0, E_0000000002f82690/1, E_0000000002f82690/2, E_0000000002f82690/3, E_0000000002f82690/4, E_0000000002f82690/5;
    .scope S_00000000030875d0;
T_0 ;
    %wait E_0000000002f82690;
    %load/vec4 v0000000002fdcd80_0;
    %cmpi/e 0, 0, 1;
    %jmp/0xz  T_0.0, 4;
    %load/vec4 v0000000002fdce20_0;
    %store/vec4 v0000000003087900_0, 0, 32;
    %load/vec4 v0000000002fdcec0_0;
    %store/vec4 v0000000002fdcce0_0, 0, 1;
    %jmp T_0.1;
T_0.0 ;
    %load/vec4 v0000000002fdcf60_0;
    %cmpi/e 0, 0, 1;
    %jmp/0xz  T_0.2, 4;
    %load/vec4 v0000000002fdd000_0;
    %store/vec4 v0000000003087900_0, 0, 32;
    %load/vec4 v0000000002fdd0a0_0;
    %store/vec4 v0000000002fdcce0_0, 0, 1;
    %jmp T_0.3;
T_0.2 ;
    %load/vec4 v0000000002fdd140_0;
    %cmpi/e 0, 0, 1;
    %jmp/0xz  T_0.4, 4;
    %load/vec4 v0000000002fdd1e0_0;
    %store/vec4 v0000000003087900_0, 0, 32;
    %load/vec4 v0000000002fdd280_0;
    %store/vec4 v0000000002fdcce0_0, 0, 1;
    %jmp T_0.5;
T_0.4 ;
    %load/vec4 v0000000002fdd320_0;
    %cmpi/e 0, 0, 1;
    %jmp/0xz  T_0.6, 4;
    %load/vec4 v0000000002fdd3c0_0;
    %store/vec4 v0000000003087900_0, 0, 32;
    %load/vec4 v0000000002fdd460_0;
    %store/vec4 v0000000002fdcce0_0, 0, 1;
    %jmp T_0.7;
T_0.6 ;
    %load/vec4 v0000000002fdd500_0;
    %cmpi/e 0, 0, 1;
    %jmp/0xz  T_0.8, 4;
    %load/vec4 v0000000002fdd5a0_0;
    %store/vec4 v0000000003087900_0, 0, 32;
    %load/vec4 v0000000002fddeb0_0;
    %store/vec4 v0000000002fdcce0_0, 0, 1;
    %jmp T_0.9;
T_0.8 ;
    %load/vec4 v0000000002fddc30_0;
    %cmpi/e 0, 0, 1;
    %jmp/0xz  T_0.10, 4;
    %load/vec4 v0000000002fdd870_0;
    %store/vec4 v0000000003087900_0, 0, 32;
    %load/vec4 v0000000002fddd70_0;
    %store/vec4 v0000000002fdcce0_0, 0, 1;
    %jmp T_0.11;
T_0.10 ;
    %load/vec4 v0000000002fddf50_0;
    %cmpi/e 0, 0, 1;
    %jmp/0xz  T_0.12, 4;
    %load/vec4 v0000000002fde4f0_0;
    %store/vec4 v0000000003087900_0, 0, 32;
    %load/vec4 v0000000002fde090_0;
    %store/vec4 v0000000002fdcce0_0, 0, 1;
    %jmp T_0.13;
T_0.12 ;
    %load/vec4 v0000000002fddb90_0;
    %cmpi/e 0, 0, 1;
    %jmp/0xz  T_0.14, 4;
    %load/vec4 v0000000002fddcd0_0;
    %store/vec4 v0000000003087900_0, 0, 32;
    %load/vec4 v0000000002fde590_0;
    %store/vec4 v0000000002fdcce0_0, 0, 1;
    %jmp T_0.15;
T_0.14 ;
    %pushi/vec4 0, 0, 32;
    %store/vec4 v0000000003087900_0, 0, 32;
    %pushi/vec4 1, 0, 1;
    %store/vec4 v0000000002fdcce0_0, 0, 1;
T_0.15 ;
T_0.13 ;
T_0.11 ;
T_0.9 ;
T_0.7 ;
T_0.5 ;
T_0.3 ;
T_0.1 ;
    %jmp T_0;
    .thread T_0, $push;
# The file index is used to find the file name in the following table.
:file_names 3;
    "N/A";
    "<interactive>";
    "bus_slave_mux.v";
