#! c:/iverilog-x64/bin/vvp
:ivl_version "10.1 (stable)" "(v10_1_1)";
:ivl_delay_selection "TYPICAL";
:vpi_time_precision + 0;
:vpi_module "system";
:vpi_module "vhdl_sys";
:vpi_module "v2005_math";
:vpi_module "va_math";
S_00000000028b5d20 .scope module, "bus" "bus" 2 9;
 .timescale 0 0;
    .port_info 0 /INPUT 1 "clk"
    .port_info 1 /INPUT 1 "reset_"
    .port_info 2 /INPUT 1 "m0_req_"
    .port_info 3 /INPUT 1 "m1_req_"
    .port_info 4 /INPUT 1 "m2_req_"
    .port_info 5 /INPUT 1 "m3_req_"
    .port_info 6 /OUTPUT 1 "m0_grnt_"
    .port_info 7 /OUTPUT 1 "m1_grnt_"
    .port_info 8 /OUTPUT 1 "m2_grnt_"
    .port_info 9 /OUTPUT 1 "m3_grnt_"
    .port_info 10 /INPUT 30 "m0_addr"
    .port_info 11 /INPUT 1 "m0_as_"
    .port_info 12 /INPUT 1 "m0_rw"
    .port_info 13 /INPUT 32 "m0_wr_data"
    .port_info 14 /INPUT 30 "m1_addr"
    .port_info 15 /INPUT 1 "m1_as_"
    .port_info 16 /INPUT 1 "m1_rw"
    .port_info 17 /INPUT 32 "m1_wr_data"
    .port_info 18 /INPUT 30 "m2_addr"
    .port_info 19 /INPUT 1 "m2_as_"
    .port_info 20 /INPUT 1 "m2_rw"
    .port_info 21 /INPUT 32 "m2_wr_data"
    .port_info 22 /INPUT 30 "m3_addr"
    .port_info 23 /INPUT 1 "m3_as_"
    .port_info 24 /INPUT 1 "m3_rw"
    .port_info 25 /INPUT 32 "m3_wr_data"
    .port_info 26 /OUTPUT 30 "s_addr"
    .port_info 27 /OUTPUT 1 "s_as_"
    .port_info 28 /OUTPUT 1 "s_rw"
    .port_info 29 /OUTPUT 32 "s_wr_data"
    .port_info 30 /OUTPUT 1 "s0_cs_"
    .port_info 31 /OUTPUT 1 "s1_cs_"
    .port_info 32 /OUTPUT 1 "s2_cs_"
    .port_info 33 /OUTPUT 1 "s3_cs_"
    .port_info 34 /OUTPUT 1 "s4_cs_"
    .port_info 35 /OUTPUT 1 "s5_cs_"
    .port_info 36 /OUTPUT 1 "s6_cs_"
    .port_info 37 /OUTPUT 1 "s7_cs_"
    .port_info 38 /INPUT 32 "s0_rd_data"
    .port_info 39 /INPUT 1 "s0_rdy_"
    .port_info 40 /INPUT 32 "s1_rd_data"
    .port_info 41 /INPUT 1 "s1_rdy_"
    .port_info 42 /INPUT 32 "s2_rd_data"
    .port_info 43 /INPUT 1 "s2_rdy_"
    .port_info 44 /INPUT 32 "s3_rd_data"
    .port_info 45 /INPUT 1 "s3_rdy_"
    .port_info 46 /INPUT 32 "s4_rd_data"
    .port_info 47 /INPUT 1 "s4_rdy_"
    .port_info 48 /INPUT 32 "s5_rd_data"
    .port_info 49 /INPUT 1 "s5_rdy"
    .port_info 50 /INPUT 32 "s6_rd_data"
    .port_info 51 /INPUT 1 "s6_rdy_"
    .port_info 52 /INPUT 32 "s7_rd_data"
    .port_info 53 /INPUT 1 "s7_rdy_"
    .port_info 54 /OUTPUT 32 "m_rd_data"
    .port_info 55 /OUTPUT 1 "m_rdy_"
o00000000028b6238 .functor BUFZ 1, C4<z>; HiZ drive
v00000000029106d0_0 .net "clk", 0 0, o00000000028b6238;  0 drivers
o00000000028b6598 .functor BUFZ 30, C4<zzzzzzzzzzzzzzzzzzzzzzzzzzzzzz>; HiZ drive
v0000000002910bd0_0 .net "m0_addr", 29 0, o00000000028b6598;  0 drivers
o00000000028b65c8 .functor BUFZ 1, C4<z>; HiZ drive
v0000000002910770_0 .net "m0_as_", 0 0, o00000000028b65c8;  0 drivers
RS_00000000028b6268 .resolv tri, v000000000290f450_0, v000000000290fbd0_0, v000000000290f9f0_0, v000000000290f270_0;
v00000000029108b0_0 .net8 "m0_grnt_", 0 0, RS_00000000028b6268;  4 drivers
o00000000028b6298 .functor BUFZ 1, C4<z>; HiZ drive
v0000000002910810_0 .net "m0_req_", 0 0, o00000000028b6298;  0 drivers
o00000000028b65f8 .functor BUFZ 1, C4<z>; HiZ drive
v0000000002910950_0 .net "m0_rw", 0 0, o00000000028b65f8;  0 drivers
o00000000028b6628 .functor BUFZ 32, C4<zzzzzzzzzzzzzzzzzzzzzzzzzzzzzzzz>; HiZ drive
v0000000002910c70_0 .net "m0_wr_data", 31 0, o00000000028b6628;  0 drivers
o00000000028b6658 .functor BUFZ 30, C4<zzzzzzzzzzzzzzzzzzzzzzzzzzzzzz>; HiZ drive
v0000000002910d10_0 .net "m1_addr", 29 0, o00000000028b6658;  0 drivers
o00000000028b6688 .functor BUFZ 1, C4<z>; HiZ drive
v0000000002910e50_0 .net "m1_as_", 0 0, o00000000028b6688;  0 drivers
o00000000028b66b8 .functor BUFZ 1, C4<z>; HiZ drive
v0000000002910ef0_0 .net "m1_grnt_", 0 0, o00000000028b66b8;  0 drivers
o00000000028b62c8 .functor BUFZ 1, C4<z>; HiZ drive
v0000000002913c40_0 .net "m1_req_", 0 0, o00000000028b62c8;  0 drivers
o00000000028b66e8 .functor BUFZ 1, C4<z>; HiZ drive
v0000000002913600_0 .net "m1_rw", 0 0, o00000000028b66e8;  0 drivers
o00000000028b6718 .functor BUFZ 32, C4<zzzzzzzzzzzzzzzzzzzzzzzzzzzzzzzz>; HiZ drive
v0000000002915040_0 .net "m1_wr_data", 31 0, o00000000028b6718;  0 drivers
o00000000028b6748 .functor BUFZ 30, C4<zzzzzzzzzzzzzzzzzzzzzzzzzzzzzz>; HiZ drive
v0000000002914500_0 .net "m2_addr", 29 0, o00000000028b6748;  0 drivers
o00000000028b6778 .functor BUFZ 1, C4<z>; HiZ drive
v0000000002913ec0_0 .net "m2_as_", 0 0, o00000000028b6778;  0 drivers
o00000000028b67a8 .functor BUFZ 1, C4<z>; HiZ drive
v0000000002913920_0 .net "m2_grnt_", 0 0, o00000000028b67a8;  0 drivers
o00000000028b62f8 .functor BUFZ 1, C4<z>; HiZ drive
v0000000002913d80_0 .net "m2_req_", 0 0, o00000000028b62f8;  0 drivers
o00000000028b67d8 .functor BUFZ 1, C4<z>; HiZ drive
v0000000002913560_0 .net "m2_rw", 0 0, o00000000028b67d8;  0 drivers
o00000000028b6808 .functor BUFZ 32, C4<zzzzzzzzzzzzzzzzzzzzzzzzzzzzzzzz>; HiZ drive
v0000000002913880_0 .net "m2_wr_data", 31 0, o00000000028b6808;  0 drivers
o00000000028b6838 .functor BUFZ 30, C4<zzzzzzzzzzzzzzzzzzzzzzzzzzzzzz>; HiZ drive
v0000000002914460_0 .net "m3_addr", 29 0, o00000000028b6838;  0 drivers
o00000000028b6868 .functor BUFZ 1, C4<z>; HiZ drive
v00000000029148c0_0 .net "m3_as_", 0 0, o00000000028b6868;  0 drivers
o00000000028b6898 .functor BUFZ 1, C4<z>; HiZ drive
v00000000029139c0_0 .net "m3_grnt_", 0 0, o00000000028b6898;  0 drivers
o00000000028b6328 .functor BUFZ 1, C4<z>; HiZ drive
v0000000002914140_0 .net "m3_req_", 0 0, o00000000028b6328;  0 drivers
o00000000028b68c8 .functor BUFZ 1, C4<z>; HiZ drive
v0000000002913e20_0 .net "m3_rw", 0 0, o00000000028b68c8;  0 drivers
o00000000028b68f8 .functor BUFZ 32, C4<zzzzzzzzzzzzzzzzzzzzzzzzzzzzzzzz>; HiZ drive
v0000000002914960_0 .net "m3_wr_data", 31 0, o00000000028b68f8;  0 drivers
v00000000029141e0_0 .net "m_rd_data", 31 0, v0000000002911ad0_0;  1 drivers
v00000000029137e0_0 .net "m_rdy_", 0 0, v0000000002911c10_0;  1 drivers
o00000000028b6388 .functor BUFZ 1, C4<z>; HiZ drive
v00000000029136a0_0 .net "reset_", 0 0, o00000000028b6388;  0 drivers
v00000000029140a0_0 .net "s0_cs_", 0 0, v000000000286b9f0_0;  1 drivers
o00000000028b6e98 .functor BUFZ 32, C4<zzzzzzzzzzzzzzzzzzzzzzzzzzzzzzzz>; HiZ drive
v00000000029134c0_0 .net "s0_rd_data", 31 0, o00000000028b6e98;  0 drivers
o00000000028b6ec8 .functor BUFZ 1, C4<z>; HiZ drive
v0000000002913a60_0 .net "s0_rdy_", 0 0, o00000000028b6ec8;  0 drivers
v0000000002913420_0 .net "s1_cs_", 0 0, v000000000288dea0_0;  1 drivers
o00000000028b6ef8 .functor BUFZ 32, C4<zzzzzzzzzzzzzzzzzzzzzzzzzzzzzzzz>; HiZ drive
v0000000002913f60_0 .net "s1_rd_data", 31 0, o00000000028b6ef8;  0 drivers
o00000000028b6f28 .functor BUFZ 1, C4<z>; HiZ drive
v0000000002914000_0 .net "s1_rdy_", 0 0, o00000000028b6f28;  0 drivers
v0000000002914be0_0 .net "s2_cs_", 0 0, v00000000028b3490_0;  1 drivers
o00000000028b6f58 .functor BUFZ 32, C4<zzzzzzzzzzzzzzzzzzzzzzzzzzzzzzzz>; HiZ drive
v0000000002913ce0_0 .net "s2_rd_data", 31 0, o00000000028b6f58;  0 drivers
o00000000028b6f88 .functor BUFZ 1, C4<z>; HiZ drive
v0000000002914280_0 .net "s2_rdy_", 0 0, o00000000028b6f88;  0 drivers
v0000000002913740_0 .net "s3_cs_", 0 0, v000000000286f700_0;  1 drivers
o00000000028b6fb8 .functor BUFZ 32, C4<zzzzzzzzzzzzzzzzzzzzzzzzzzzzzzzz>; HiZ drive
v0000000002914d20_0 .net "s3_rd_data", 31 0, o00000000028b6fb8;  0 drivers
o00000000028b6fe8 .functor BUFZ 1, C4<z>; HiZ drive
v0000000002914320_0 .net "s3_rdy_", 0 0, o00000000028b6fe8;  0 drivers
v00000000029143c0_0 .net "s4_cs_", 0 0, v000000000286f7a0_0;  1 drivers
o00000000028b7018 .functor BUFZ 32, C4<zzzzzzzzzzzzzzzzzzzzzzzzzzzzzzzz>; HiZ drive
v00000000029146e0_0 .net "s4_rd_data", 31 0, o00000000028b7018;  0 drivers
o00000000028b7048 .functor BUFZ 1, C4<z>; HiZ drive
v0000000002913b00_0 .net "s4_rdy_", 0 0, o00000000028b7048;  0 drivers
v0000000002913ba0_0 .net "s5_cs_", 0 0, v000000000286f840_0;  1 drivers
o00000000028b7078 .functor BUFZ 32, C4<zzzzzzzzzzzzzzzzzzzzzzzzzzzzzzzz>; HiZ drive
v00000000029145a0_0 .net "s5_rd_data", 31 0, o00000000028b7078;  0 drivers
o00000000028b7678 .functor BUFZ 1, C4<z>; HiZ drive
v0000000002914aa0_0 .net "s5_rdy", 0 0, o00000000028b7678;  0 drivers
o00000000028b70a8 .functor BUFZ 1, C4<z>; HiZ drive
v0000000002914640_0 .net "s5_rdy_", 0 0, o00000000028b70a8;  0 drivers
v0000000002914e60_0 .net "s6_cs_", 0 0, v000000000290fef0_0;  1 drivers
o00000000028b70d8 .functor BUFZ 32, C4<zzzzzzzzzzzzzzzzzzzzzzzzzzzzzzzz>; HiZ drive
v0000000002914780_0 .net "s6_rd_data", 31 0, o00000000028b70d8;  0 drivers
o00000000028b7108 .functor BUFZ 1, C4<z>; HiZ drive
v0000000002914dc0_0 .net "s6_rdy_", 0 0, o00000000028b7108;  0 drivers
v0000000002913240_0 .net "s7_cs_", 0 0, v000000000290ff90_0;  1 drivers
o00000000028b7138 .functor BUFZ 32, C4<zzzzzzzzzzzzzzzzzzzzzzzzzzzzzzzz>; HiZ drive
v0000000002914820_0 .net "s7_rd_data", 31 0, o00000000028b7138;  0 drivers
o00000000028b7168 .functor BUFZ 1, C4<z>; HiZ drive
v0000000002914a00_0 .net "s7_rdy_", 0 0, o00000000028b7168;  0 drivers
v0000000002914b40_0 .net "s_addr", 29 0, v00000000029103b0_0;  1 drivers
v0000000002914c80_0 .net "s_as_", 0 0, v0000000002911b70_0;  1 drivers
v0000000002914f00_0 .net "s_rw", 0 0, v00000000029109f0_0;  1 drivers
v0000000002914fa0_0 .net "s_wr_data", 31 0, v0000000002911350_0;  1 drivers
S_0000000002888820 .scope module, "adder_dec" "bus_addr_dec" 2 137, 3 4 0, S_00000000028b5d20;
 .timescale 0 0;
    .port_info 0 /INPUT 30 "s_addr"
    .port_info 1 /OUTPUT 1 "s0_cs_"
    .port_info 2 /OUTPUT 1 "s1_cs_"
    .port_info 3 /OUTPUT 1 "s2_cs_"
    .port_info 4 /OUTPUT 1 "s3_cs_"
    .port_info 5 /OUTPUT 1 "s4_cs_"
    .port_info 6 /OUTPUT 1 "s5_cs_"
    .port_info 7 /OUTPUT 1 "s6_cs_"
    .port_info 8 /OUTPUT 1 "s7_cs_"
v000000000286b9f0_0 .var "s0_cs_", 0 0;
v000000000288dea0_0 .var "s1_cs_", 0 0;
v00000000028b3490_0 .var "s2_cs_", 0 0;
v000000000286f700_0 .var "s3_cs_", 0 0;
v000000000286f7a0_0 .var "s4_cs_", 0 0;
v000000000286f840_0 .var "s5_cs_", 0 0;
v000000000290fef0_0 .var "s6_cs_", 0 0;
v000000000290ff90_0 .var "s7_cs_", 0 0;
v000000000290fa90_0 .net "s_addr", 29 0, v00000000029103b0_0;  alias, 1 drivers
v000000000290fd10_0 .net "s_index", 2 0, L_00000000029131a0;  1 drivers
E_00000000028ab8d0 .event edge, v000000000290fd10_0;
L_00000000029131a0 .part v00000000029103b0_0, 27, 3;
S_000000000286f8e0 .scope module, "arbiter" "bus_arbiter" 2 87, 4 4 0, S_00000000028b5d20;
 .timescale 0 0;
    .port_info 0 /INPUT 1 "clk"
    .port_info 1 /INPUT 1 "reset_"
    .port_info 2 /INPUT 1 "m0_req_"
    .port_info 3 /INPUT 1 "m1_req_"
    .port_info 4 /INPUT 1 "m2_req_"
    .port_info 5 /INPUT 1 "m3_req_"
    .port_info 6 /OUTPUT 1 "m0_grnt_"
    .port_info 7 /OUTPUT 1 "m1_grnt_"
    .port_info 8 /OUTPUT 1 "m2_grnt_"
    .port_info 9 /OUTPUT 1 "m3_grnt_"
v000000000290fc70_0 .net "clk", 0 0, o00000000028b6238;  alias, 0 drivers
v000000000290f450_0 .var "m0_grnt_", 0 0;
v000000000290fb30_0 .net "m0_req_", 0 0, o00000000028b6298;  alias, 0 drivers
v000000000290fbd0_0 .var "m1_grnt_", 0 0;
v000000000290fe50_0 .net "m1_req_", 0 0, o00000000028b62c8;  alias, 0 drivers
v000000000290f9f0_0 .var "m2_grnt_", 0 0;
v000000000290f090_0 .net "m2_req_", 0 0, o00000000028b62f8;  alias, 0 drivers
v000000000290f270_0 .var "m3_grnt_", 0 0;
v000000000290f8b0_0 .net "m3_req_", 0 0, o00000000028b6328;  alias, 0 drivers
v000000000290f310_0 .var "owner", 1 0;
v000000000290f4f0_0 .net "reset_", 0 0, o00000000028b6388;  alias, 0 drivers
E_00000000028aba90/0 .event negedge, v000000000290f4f0_0;
E_00000000028aba90/1 .event posedge, v000000000290fc70_0;
E_00000000028aba90 .event/or E_00000000028aba90/0, E_00000000028aba90/1;
E_00000000028abad0 .event edge, v000000000290f310_0;
S_0000000002832850 .scope module, "master_mux" "bus_master_mux" 2 106, 5 5 0, S_00000000028b5d20;
 .timescale 0 0;
    .port_info 0 /INPUT 30 "m0_addr"
    .port_info 1 /INPUT 1 "m0_as_"
    .port_info 2 /INPUT 1 "m0_rw"
    .port_info 3 /INPUT 32 "m0_wr_data"
    .port_info 4 /INPUT 1 "m0_grnt_"
    .port_info 5 /INPUT 30 "m1_addr"
    .port_info 6 /INPUT 1 "m1_as_"
    .port_info 7 /INPUT 1 "m1_rw"
    .port_info 8 /INPUT 32 "m1_wr_data"
    .port_info 9 /INPUT 1 "m1_grnt_"
    .port_info 10 /INPUT 30 "m2_addr"
    .port_info 11 /INPUT 1 "m2_as_"
    .port_info 12 /INPUT 1 "m2_rw"
    .port_info 13 /INPUT 32 "m2_wr_data"
    .port_info 14 /INPUT 1 "m2_grnt_"
    .port_info 15 /INPUT 30 "m3_addr"
    .port_info 16 /INPUT 1 "m3_as_"
    .port_info 17 /INPUT 1 "m3_rw"
    .port_info 18 /INPUT 32 "m3_wr_data"
    .port_info 19 /INPUT 1 "m3_grnt_"
    .port_info 20 /OUTPUT 30 "s_addr"
    .port_info 21 /OUTPUT 1 "s_as_"
    .port_info 22 /OUTPUT 1 "s_rw"
    .port_info 23 /OUTPUT 32 "s_wr_data"
v000000000290f130_0 .net "m0_addr", 29 0, o00000000028b6598;  alias, 0 drivers
v000000000290f950_0 .net "m0_as_", 0 0, o00000000028b65c8;  alias, 0 drivers
v000000000290fdb0_0 .net8 "m0_grnt_", 0 0, RS_00000000028b6268;  alias, 4 drivers
v000000000290f1d0_0 .net "m0_rw", 0 0, o00000000028b65f8;  alias, 0 drivers
v000000000290f6d0_0 .net "m0_wr_data", 31 0, o00000000028b6628;  alias, 0 drivers
v000000000290f3b0_0 .net "m1_addr", 29 0, o00000000028b6658;  alias, 0 drivers
v000000000290f590_0 .net "m1_as_", 0 0, o00000000028b6688;  alias, 0 drivers
v000000000290f630_0 .net "m1_grnt_", 0 0, o00000000028b66b8;  alias, 0 drivers
v000000000290f770_0 .net "m1_rw", 0 0, o00000000028b66e8;  alias, 0 drivers
v000000000290f810_0 .net "m1_wr_data", 31 0, o00000000028b6718;  alias, 0 drivers
v0000000002910310_0 .net "m2_addr", 29 0, o00000000028b6748;  alias, 0 drivers
v00000000029104f0_0 .net "m2_as_", 0 0, o00000000028b6778;  alias, 0 drivers
v0000000002912070_0 .net "m2_grnt_", 0 0, o00000000028b67a8;  alias, 0 drivers
v0000000002910f90_0 .net "m2_rw", 0 0, o00000000028b67d8;  alias, 0 drivers
v0000000002911030_0 .net "m2_wr_data", 31 0, o00000000028b6808;  alias, 0 drivers
v0000000002911850_0 .net "m3_addr", 29 0, o00000000028b6838;  alias, 0 drivers
v0000000002911210_0 .net "m3_as_", 0 0, o00000000028b6868;  alias, 0 drivers
v0000000002911990_0 .net "m3_grnt_", 0 0, o00000000028b6898;  alias, 0 drivers
v0000000002911670_0 .net "m3_rw", 0 0, o00000000028b68c8;  alias, 0 drivers
v00000000029112b0_0 .net "m3_wr_data", 31 0, o00000000028b68f8;  alias, 0 drivers
v00000000029103b0_0 .var "s_addr", 29 0;
v0000000002911b70_0 .var "s_as_", 0 0;
v00000000029109f0_0 .var "s_rw", 0 0;
v0000000002911350_0 .var "s_wr_data", 31 0;
E_00000000028abf10/0 .event edge, v000000000290f450_0, v000000000290f130_0, v000000000290f950_0, v000000000290f1d0_0;
E_00000000028abf10/1 .event edge, v000000000290f6d0_0, v000000000290f630_0, v000000000290f3b0_0, v000000000290f590_0;
E_00000000028abf10/2 .event edge, v000000000290f770_0, v000000000290f810_0, v0000000002912070_0, v0000000002910310_0;
E_00000000028abf10/3 .event edge, v00000000029104f0_0, v0000000002910f90_0, v0000000002911030_0, v0000000002911990_0;
E_00000000028abf10/4 .event edge, v0000000002911850_0, v0000000002911210_0, v0000000002911670_0, v00000000029112b0_0;
E_00000000028abf10 .event/or E_00000000028abf10/0, E_00000000028abf10/1, E_00000000028abf10/2, E_00000000028abf10/3, E_00000000028abf10/4;
S_0000000002912340 .scope module, "slave_mux" "bus_slave_mux" 2 149, 6 6 0, S_00000000028b5d20;
 .timescale 0 0;
    .port_info 0 /INPUT 1 "s0_cs_"
    .port_info 1 /INPUT 32 "s0_rd_data"
    .port_info 2 /INPUT 1 "s0_rdy_"
    .port_info 3 /INPUT 1 "s1_cs_"
    .port_info 4 /INPUT 32 "s1_rd_data"
    .port_info 5 /INPUT 1 "s1_rdy_"
    .port_info 6 /INPUT 1 "s2_cs_"
    .port_info 7 /INPUT 32 "s2_rd_data"
    .port_info 8 /INPUT 1 "s2_rdy_"
    .port_info 9 /INPUT 1 "s3_cs_"
    .port_info 10 /INPUT 32 "s3_rd_data"
    .port_info 11 /INPUT 1 "s3_rdy_"
    .port_info 12 /INPUT 1 "s4_cs_"
    .port_info 13 /INPUT 32 "s4_rd_data"
    .port_info 14 /INPUT 1 "s4_rdy_"
    .port_info 15 /INPUT 1 "s5_cs_"
    .port_info 16 /INPUT 32 "s5_rd_data"
    .port_info 17 /INPUT 1 "s5_rdy_"
    .port_info 18 /INPUT 1 "s6_cs_"
    .port_info 19 /INPUT 32 "s6_rd_data"
    .port_info 20 /INPUT 1 "s6_rdy_"
    .port_info 21 /INPUT 1 "s7_cs_"
    .port_info 22 /INPUT 32 "s7_rd_data"
    .port_info 23 /INPUT 1 "s7_rdy_"
    .port_info 24 /OUTPUT 32 "m_rd_data"
    .port_info 25 /OUTPUT 1 "m_rdy_"
v0000000002911ad0_0 .var "m_rd_data", 31 0;
v0000000002911c10_0 .var "m_rdy_", 0 0;
v00000000029110d0_0 .net "s0_cs_", 0 0, v000000000286b9f0_0;  alias, 1 drivers
v00000000029115d0_0 .net "s0_rd_data", 31 0, o00000000028b6e98;  alias, 0 drivers
v0000000002911f30_0 .net "s0_rdy_", 0 0, o00000000028b6ec8;  alias, 0 drivers
v0000000002910a90_0 .net "s1_cs_", 0 0, v000000000288dea0_0;  alias, 1 drivers
v0000000002911530_0 .net "s1_rd_data", 31 0, o00000000028b6ef8;  alias, 0 drivers
v0000000002911490_0 .net "s1_rdy_", 0 0, o00000000028b6f28;  alias, 0 drivers
v0000000002911a30_0 .net "s2_cs_", 0 0, v00000000028b3490_0;  alias, 1 drivers
v00000000029113f0_0 .net "s2_rd_data", 31 0, o00000000028b6f58;  alias, 0 drivers
v0000000002911cb0_0 .net "s2_rdy_", 0 0, o00000000028b6f88;  alias, 0 drivers
v0000000002910b30_0 .net "s3_cs_", 0 0, v000000000286f700_0;  alias, 1 drivers
v0000000002911e90_0 .net "s3_rd_data", 31 0, o00000000028b6fb8;  alias, 0 drivers
v0000000002911170_0 .net "s3_rdy_", 0 0, o00000000028b6fe8;  alias, 0 drivers
v0000000002911fd0_0 .net "s4_cs_", 0 0, v000000000286f7a0_0;  alias, 1 drivers
v0000000002912110_0 .net "s4_rd_data", 31 0, o00000000028b7018;  alias, 0 drivers
v0000000002911710_0 .net "s4_rdy_", 0 0, o00000000028b7048;  alias, 0 drivers
v0000000002911d50_0 .net "s5_cs_", 0 0, v000000000286f840_0;  alias, 1 drivers
v0000000002910db0_0 .net "s5_rd_data", 31 0, o00000000028b7078;  alias, 0 drivers
v00000000029117b0_0 .net "s5_rdy_", 0 0, o00000000028b70a8;  alias, 0 drivers
v00000000029118f0_0 .net "s6_cs_", 0 0, v000000000290fef0_0;  alias, 1 drivers
v0000000002910270_0 .net "s6_rd_data", 31 0, o00000000028b70d8;  alias, 0 drivers
v0000000002911df0_0 .net "s6_rdy_", 0 0, o00000000028b7108;  alias, 0 drivers
v0000000002910450_0 .net "s7_cs_", 0 0, v000000000290ff90_0;  alias, 1 drivers
v0000000002910590_0 .net "s7_rd_data", 31 0, o00000000028b7138;  alias, 0 drivers
v0000000002910630_0 .net "s7_rdy_", 0 0, o00000000028b7168;  alias, 0 drivers
E_00000000028abf50/0 .event edge, v000000000286b9f0_0, v00000000029115d0_0, v0000000002911f30_0, v000000000288dea0_0;
E_00000000028abf50/1 .event edge, v0000000002911530_0, v0000000002911490_0, v00000000028b3490_0, v00000000029113f0_0;
E_00000000028abf50/2 .event edge, v0000000002911cb0_0, v000000000286f700_0, v0000000002911e90_0, v0000000002911170_0;
E_00000000028abf50/3 .event edge, v000000000286f7a0_0, v0000000002912110_0, v0000000002911710_0, v000000000286f840_0;
E_00000000028abf50/4 .event edge, v0000000002910db0_0, v00000000029117b0_0, v000000000290fef0_0, v0000000002910270_0;
E_00000000028abf50/5 .event edge, v0000000002911df0_0, v000000000290ff90_0, v0000000002910590_0, v0000000002910630_0;
E_00000000028abf50 .event/or E_00000000028abf50/0, E_00000000028abf50/1, E_00000000028abf50/2, E_00000000028abf50/3, E_00000000028abf50/4, E_00000000028abf50/5;
    .scope S_000000000286f8e0;
T_0 ;
    %wait E_00000000028abad0;
    %pushi/vec4 1, 0, 1;
    %store/vec4 v000000000290f450_0, 0, 1;
    %pushi/vec4 1, 0, 1;
    %store/vec4 v000000000290fbd0_0, 0, 1;
    %pushi/vec4 1, 0, 1;
    %store/vec4 v000000000290f9f0_0, 0, 1;
    %pushi/vec4 1, 0, 1;
    %store/vec4 v000000000290f270_0, 0, 1;
    %load/vec4 v000000000290f310_0;
    %dup/vec4;
    %pushi/vec4 0, 0, 2;
    %cmp/u;
    %jmp/1 T_0.0, 6;
    %dup/vec4;
    %pushi/vec4 1, 0, 2;
    %cmp/u;
    %jmp/1 T_0.1, 6;
    %dup/vec4;
    %pushi/vec4 2, 0, 2;
    %cmp/u;
    %jmp/1 T_0.2, 6;
    %dup/vec4;
    %pushi/vec4 3, 0, 2;
    %cmp/u;
    %jmp/1 T_0.3, 6;
    %jmp T_0.4;
T_0.0 ;
    %pushi/vec4 0, 0, 1;
    %store/vec4 v000000000290f450_0, 0, 1;
    %jmp T_0.4;
T_0.1 ;
    %pushi/vec4 0, 0, 1;
    %store/vec4 v000000000290fbd0_0, 0, 1;
    %jmp T_0.4;
T_0.2 ;
    %pushi/vec4 0, 0, 1;
    %store/vec4 v000000000290f9f0_0, 0, 1;
    %jmp T_0.4;
T_0.3 ;
    %pushi/vec4 0, 0, 1;
    %store/vec4 v000000000290f270_0, 0, 1;
    %jmp T_0.4;
T_0.4 ;
    %pop/vec4 1;
    %jmp T_0;
    .thread T_0, $push;
    .scope S_000000000286f8e0;
T_1 ;
    %wait E_00000000028aba90;
    %load/vec4 v000000000290f4f0_0;
    %cmpi/e 1, 0, 1;
    %jmp/0xz  T_1.0, 4;
    %pushi/vec4 0, 0, 2;
    %assign/vec4 v000000000290f310_0, 1;
    %jmp T_1.1;
T_1.0 ;
    %load/vec4 v000000000290f310_0;
    %dup/vec4;
    %pushi/vec4 0, 0, 2;
    %cmp/u;
    %jmp/1 T_1.2, 6;
    %dup/vec4;
    %pushi/vec4 1, 0, 2;
    %cmp/u;
    %jmp/1 T_1.3, 6;
    %dup/vec4;
    %pushi/vec4 2, 0, 2;
    %cmp/u;
    %jmp/1 T_1.4, 6;
    %dup/vec4;
    %pushi/vec4 3, 0, 2;
    %cmp/u;
    %jmp/1 T_1.5, 6;
    %jmp T_1.6;
T_1.2 ;
    %load/vec4 v000000000290fb30_0;
    %cmpi/e 0, 0, 1;
    %jmp/0xz  T_1.7, 4;
    %pushi/vec4 0, 0, 2;
    %assign/vec4 v000000000290f310_0, 0;
    %jmp T_1.8;
T_1.7 ;
    %load/vec4 v000000000290fe50_0;
    %cmpi/e 0, 0, 1;
    %jmp/0xz  T_1.9, 4;
    %pushi/vec4 1, 0, 2;
    %assign/vec4 v000000000290f310_0, 0;
    %jmp T_1.10;
T_1.9 ;
    %load/vec4 v000000000290f090_0;
    %cmpi/e 0, 0, 1;
    %jmp/0xz  T_1.11, 4;
    %pushi/vec4 2, 0, 2;
    %assign/vec4 v000000000290f310_0, 0;
    %jmp T_1.12;
T_1.11 ;
    %load/vec4 v000000000290f8b0_0;
    %cmpi/e 0, 0, 1;
    %jmp/0xz  T_1.13, 4;
    %pushi/vec4 3, 0, 2;
    %assign/vec4 v000000000290f310_0, 0;
T_1.13 ;
T_1.12 ;
T_1.10 ;
T_1.8 ;
    %jmp T_1.6;
T_1.3 ;
    %load/vec4 v000000000290fe50_0;
    %cmpi/e 0, 0, 1;
    %jmp/0xz  T_1.15, 4;
    %pushi/vec4 1, 0, 2;
    %assign/vec4 v000000000290f310_0, 0;
    %jmp T_1.16;
T_1.15 ;
    %load/vec4 v000000000290f090_0;
    %cmpi/e 0, 0, 1;
    %jmp/0xz  T_1.17, 4;
    %pushi/vec4 2, 0, 2;
    %assign/vec4 v000000000290f310_0, 0;
    %jmp T_1.18;
T_1.17 ;
    %load/vec4 v000000000290f8b0_0;
    %cmpi/e 0, 0, 1;
    %jmp/0xz  T_1.19, 4;
    %pushi/vec4 3, 0, 2;
    %assign/vec4 v000000000290f310_0, 0;
    %jmp T_1.20;
T_1.19 ;
    %load/vec4 v000000000290fb30_0;
    %cmpi/e 0, 0, 1;
    %jmp/0xz  T_1.21, 4;
    %pushi/vec4 0, 0, 2;
    %assign/vec4 v000000000290f310_0, 0;
T_1.21 ;
T_1.20 ;
T_1.18 ;
T_1.16 ;
    %jmp T_1.6;
T_1.4 ;
    %load/vec4 v000000000290f090_0;
    %cmpi/e 0, 0, 1;
    %jmp/0xz  T_1.23, 4;
    %pushi/vec4 2, 0, 2;
    %assign/vec4 v000000000290f310_0, 0;
    %jmp T_1.24;
T_1.23 ;
    %load/vec4 v000000000290f8b0_0;
    %cmpi/e 0, 0, 1;
    %jmp/0xz  T_1.25, 4;
    %pushi/vec4 3, 0, 2;
    %assign/vec4 v000000000290f310_0, 0;
    %jmp T_1.26;
T_1.25 ;
    %load/vec4 v000000000290fb30_0;
    %cmpi/e 0, 0, 1;
    %jmp/0xz  T_1.27, 4;
    %pushi/vec4 0, 0, 2;
    %assign/vec4 v000000000290f310_0, 0;
    %jmp T_1.28;
T_1.27 ;
    %load/vec4 v000000000290fe50_0;
    %cmpi/e 0, 0, 1;
    %jmp/0xz  T_1.29, 4;
    %pushi/vec4 1, 0, 2;
    %assign/vec4 v000000000290f310_0, 0;
T_1.29 ;
T_1.28 ;
T_1.26 ;
T_1.24 ;
    %jmp T_1.6;
T_1.5 ;
    %load/vec4 v000000000290f8b0_0;
    %cmpi/e 0, 0, 1;
    %jmp/0xz  T_1.31, 4;
    %pushi/vec4 3, 0, 2;
    %assign/vec4 v000000000290f310_0, 0;
    %jmp T_1.32;
T_1.31 ;
    %load/vec4 v000000000290fb30_0;
    %cmpi/e 0, 0, 1;
    %jmp/0xz  T_1.33, 4;
    %pushi/vec4 0, 0, 2;
    %assign/vec4 v000000000290f310_0, 0;
    %jmp T_1.34;
T_1.33 ;
    %load/vec4 v000000000290fe50_0;
    %cmpi/e 0, 0, 1;
    %jmp/0xz  T_1.35, 4;
    %pushi/vec4 1, 0, 2;
    %assign/vec4 v000000000290f310_0, 0;
    %jmp T_1.36;
T_1.35 ;
    %load/vec4 v000000000290f090_0;
    %cmpi/e 0, 0, 1;
    %jmp/0xz  T_1.37, 4;
    %pushi/vec4 2, 0, 2;
    %assign/vec4 v000000000290f310_0, 0;
T_1.37 ;
T_1.36 ;
T_1.34 ;
T_1.32 ;
    %jmp T_1.6;
T_1.6 ;
    %pop/vec4 1;
T_1.1 ;
    %jmp T_1;
    .thread T_1;
    .scope S_0000000002832850;
T_2 ;
    %wait E_00000000028abf10;
    %load/vec4 v000000000290fdb0_0;
    %cmpi/e 0, 0, 1;
    %jmp/0xz  T_2.0, 4;
    %load/vec4 v000000000290f130_0;
    %store/vec4 v00000000029103b0_0, 0, 30;
    %load/vec4 v000000000290f950_0;
    %store/vec4 v0000000002911b70_0, 0, 1;
    %load/vec4 v000000000290f1d0_0;
    %store/vec4 v00000000029109f0_0, 0, 1;
    %load/vec4 v000000000290f6d0_0;
    %store/vec4 v0000000002911350_0, 0, 32;
    %jmp T_2.1;
T_2.0 ;
    %load/vec4 v000000000290f630_0;
    %cmpi/e 0, 0, 1;
    %jmp/0xz  T_2.2, 4;
    %load/vec4 v000000000290f3b0_0;
    %store/vec4 v00000000029103b0_0, 0, 30;
    %load/vec4 v000000000290f590_0;
    %store/vec4 v0000000002911b70_0, 0, 1;
    %load/vec4 v000000000290f770_0;
    %store/vec4 v00000000029109f0_0, 0, 1;
    %load/vec4 v000000000290f810_0;
    %store/vec4 v0000000002911350_0, 0, 32;
    %jmp T_2.3;
T_2.2 ;
    %load/vec4 v0000000002912070_0;
    %cmpi/e 0, 0, 1;
    %jmp/0xz  T_2.4, 4;
    %load/vec4 v0000000002910310_0;
    %store/vec4 v00000000029103b0_0, 0, 30;
    %load/vec4 v00000000029104f0_0;
    %store/vec4 v0000000002911b70_0, 0, 1;
    %load/vec4 v0000000002910f90_0;
    %store/vec4 v00000000029109f0_0, 0, 1;
    %load/vec4 v0000000002911030_0;
    %store/vec4 v0000000002911350_0, 0, 32;
    %jmp T_2.5;
T_2.4 ;
    %load/vec4 v0000000002911990_0;
    %cmpi/e 0, 0, 1;
    %jmp/0xz  T_2.6, 4;
    %load/vec4 v0000000002911850_0;
    %store/vec4 v00000000029103b0_0, 0, 30;
    %load/vec4 v0000000002911210_0;
    %store/vec4 v0000000002911b70_0, 0, 1;
    %load/vec4 v0000000002911670_0;
    %store/vec4 v00000000029109f0_0, 0, 1;
    %load/vec4 v00000000029112b0_0;
    %store/vec4 v0000000002911350_0, 0, 32;
    %jmp T_2.7;
T_2.6 ;
    %pushi/vec4 0, 0, 30;
    %store/vec4 v00000000029103b0_0, 0, 30;
    %pushi/vec4 1, 0, 1;
    %store/vec4 v0000000002911b70_0, 0, 1;
    %pushi/vec4 1, 0, 1;
    %store/vec4 v00000000029109f0_0, 0, 1;
    %pushi/vec4 32, 0, 32;
    %store/vec4 v0000000002911350_0, 0, 32;
T_2.7 ;
T_2.5 ;
T_2.3 ;
T_2.1 ;
    %jmp T_2;
    .thread T_2, $push;
    .scope S_0000000002888820;
T_3 ;
    %wait E_00000000028ab8d0;
    %pushi/vec4 1, 0, 1;
    %store/vec4 v000000000286b9f0_0, 0, 1;
    %pushi/vec4 1, 0, 1;
    %store/vec4 v000000000288dea0_0, 0, 1;
    %pushi/vec4 1, 0, 1;
    %store/vec4 v00000000028b3490_0, 0, 1;
    %pushi/vec4 1, 0, 1;
    %store/vec4 v000000000286f700_0, 0, 1;
    %pushi/vec4 1, 0, 1;
    %store/vec4 v000000000286f7a0_0, 0, 1;
    %pushi/vec4 1, 0, 1;
    %store/vec4 v000000000286f840_0, 0, 1;
    %pushi/vec4 1, 0, 1;
    %store/vec4 v000000000290fef0_0, 0, 1;
    %pushi/vec4 1, 0, 1;
    %store/vec4 v000000000290ff90_0, 0, 1;
    %load/vec4 v000000000290fd10_0;
    %dup/vec4;
    %pushi/vec4 0, 0, 3;
    %cmp/u;
    %jmp/1 T_3.0, 6;
    %dup/vec4;
    %pushi/vec4 1, 0, 3;
    %cmp/u;
    %jmp/1 T_3.1, 6;
    %dup/vec4;
    %pushi/vec4 2, 0, 3;
    %cmp/u;
    %jmp/1 T_3.2, 6;
    %dup/vec4;
    %pushi/vec4 3, 0, 3;
    %cmp/u;
    %jmp/1 T_3.3, 6;
    %dup/vec4;
    %pushi/vec4 4, 0, 3;
    %cmp/u;
    %jmp/1 T_3.4, 6;
    %dup/vec4;
    %pushi/vec4 5, 0, 3;
    %cmp/u;
    %jmp/1 T_3.5, 6;
    %dup/vec4;
    %pushi/vec4 6, 0, 3;
    %cmp/u;
    %jmp/1 T_3.6, 6;
    %dup/vec4;
    %pushi/vec4 7, 0, 3;
    %cmp/u;
    %jmp/1 T_3.7, 6;
    %jmp T_3.8;
T_3.0 ;
    %pushi/vec4 0, 0, 1;
    %store/vec4 v000000000286b9f0_0, 0, 1;
    %jmp T_3.8;
T_3.1 ;
    %pushi/vec4 0, 0, 1;
    %store/vec4 v000000000288dea0_0, 0, 1;
    %jmp T_3.8;
T_3.2 ;
    %pushi/vec4 0, 0, 1;
    %store/vec4 v00000000028b3490_0, 0, 1;
    %jmp T_3.8;
T_3.3 ;
    %pushi/vec4 0, 0, 1;
    %store/vec4 v000000000286f700_0, 0, 1;
    %jmp T_3.8;
T_3.4 ;
    %pushi/vec4 0, 0, 1;
    %store/vec4 v000000000286f7a0_0, 0, 1;
    %jmp T_3.8;
T_3.5 ;
    %pushi/vec4 0, 0, 1;
    %store/vec4 v000000000286f840_0, 0, 1;
    %jmp T_3.8;
T_3.6 ;
    %pushi/vec4 0, 0, 1;
    %store/vec4 v000000000290fef0_0, 0, 1;
    %jmp T_3.8;
T_3.7 ;
    %pushi/vec4 0, 0, 1;
    %store/vec4 v000000000290ff90_0, 0, 1;
    %jmp T_3.8;
T_3.8 ;
    %pop/vec4 1;
    %jmp T_3;
    .thread T_3, $push;
    .scope S_0000000002912340;
T_4 ;
    %wait E_00000000028abf50;
    %load/vec4 v00000000029110d0_0;
    %cmpi/e 0, 0, 1;
    %jmp/0xz  T_4.0, 4;
    %load/vec4 v00000000029115d0_0;
    %store/vec4 v0000000002911ad0_0, 0, 32;
    %load/vec4 v0000000002911f30_0;
    %store/vec4 v0000000002911c10_0, 0, 1;
    %jmp T_4.1;
T_4.0 ;
    %load/vec4 v0000000002910a90_0;
    %cmpi/e 0, 0, 1;
    %jmp/0xz  T_4.2, 4;
    %load/vec4 v0000000002911530_0;
    %store/vec4 v0000000002911ad0_0, 0, 32;
    %load/vec4 v0000000002911490_0;
    %store/vec4 v0000000002911c10_0, 0, 1;
    %jmp T_4.3;
T_4.2 ;
    %load/vec4 v0000000002911a30_0;
    %cmpi/e 0, 0, 1;
    %jmp/0xz  T_4.4, 4;
    %load/vec4 v00000000029113f0_0;
    %store/vec4 v0000000002911ad0_0, 0, 32;
    %load/vec4 v0000000002911cb0_0;
    %store/vec4 v0000000002911c10_0, 0, 1;
    %jmp T_4.5;
T_4.4 ;
    %load/vec4 v0000000002910b30_0;
    %cmpi/e 0, 0, 1;
    %jmp/0xz  T_4.6, 4;
    %load/vec4 v0000000002911e90_0;
    %store/vec4 v0000000002911ad0_0, 0, 32;
    %load/vec4 v0000000002911170_0;
    %store/vec4 v0000000002911c10_0, 0, 1;
    %jmp T_4.7;
T_4.6 ;
    %load/vec4 v0000000002911fd0_0;
    %cmpi/e 0, 0, 1;
    %jmp/0xz  T_4.8, 4;
    %load/vec4 v0000000002912110_0;
    %store/vec4 v0000000002911ad0_0, 0, 32;
    %load/vec4 v0000000002911710_0;
    %store/vec4 v0000000002911c10_0, 0, 1;
    %jmp T_4.9;
T_4.8 ;
    %load/vec4 v0000000002911d50_0;
    %cmpi/e 0, 0, 1;
    %jmp/0xz  T_4.10, 4;
    %load/vec4 v0000000002910db0_0;
    %store/vec4 v0000000002911ad0_0, 0, 32;
    %load/vec4 v00000000029117b0_0;
    %store/vec4 v0000000002911c10_0, 0, 1;
    %jmp T_4.11;
T_4.10 ;
    %load/vec4 v00000000029118f0_0;
    %cmpi/e 0, 0, 1;
    %jmp/0xz  T_4.12, 4;
    %load/vec4 v0000000002910270_0;
    %store/vec4 v0000000002911ad0_0, 0, 32;
    %load/vec4 v0000000002911df0_0;
    %store/vec4 v0000000002911c10_0, 0, 1;
    %jmp T_4.13;
T_4.12 ;
    %load/vec4 v0000000002910450_0;
    %cmpi/e 0, 0, 1;
    %jmp/0xz  T_4.14, 4;
    %load/vec4 v0000000002910590_0;
    %store/vec4 v0000000002911ad0_0, 0, 32;
    %load/vec4 v0000000002910630_0;
    %store/vec4 v0000000002911c10_0, 0, 1;
    %jmp T_4.15;
T_4.14 ;
    %pushi/vec4 0, 0, 32;
    %store/vec4 v0000000002911ad0_0, 0, 32;
    %pushi/vec4 1, 0, 1;
    %store/vec4 v0000000002911c10_0, 0, 1;
T_4.15 ;
T_4.13 ;
T_4.11 ;
T_4.9 ;
T_4.7 ;
T_4.5 ;
T_4.3 ;
T_4.1 ;
    %jmp T_4;
    .thread T_4, $push;
# The file index is used to find the file name in the following table.
:file_names 7;
    "N/A";
    "<interactive>";
    "bus.v";
    "bus_addr_dec.v";
    "bus_arbiter.v";
    "bus_master_mux.v";
    "bus_slave_mux.v";
