#! c:/iverilog-x64/bin/vvp
:ivl_version "10.1 (stable)" "(v10_1_1)";
:ivl_delay_selection "TYPICAL";
:vpi_time_precision + 0;
:vpi_module "system";
:vpi_module "vhdl_sys";
:vpi_module "v2005_math";
:vpi_module "va_math";
S_0000000002888e80 .scope module, "mem_stage" "mem_stage" 2 4;
 .timescale 0 0;
    .port_info 0 /INPUT 1 "clk"
    .port_info 1 /INPUT 1 "reset_"
    .port_info 2 /INPUT 1 "stall"
    .port_info 3 /INPUT 1 "flush"
    .port_info 4 /INPUT 32 "bus_rd_data"
    .port_info 5 /INPUT 1 "bus_rdy_"
    .port_info 6 /INPUT 1 "bus_grnt_"
    .port_info 7 /OUTPUT 1 "bus_req_"
    .port_info 8 /OUTPUT 30 "bus_addr"
    .port_info 9 /OUTPUT 1 "bus_as_"
    .port_info 10 /OUTPUT 1 "bus_rw"
    .port_info 11 /OUTPUT 32 "bus_wr_data"
    .port_info 12 /INPUT 32 "spm_rd_data"
    .port_info 13 /OUTPUT 30 "spm_addr"
    .port_info 14 /OUTPUT 1 "spm_as_"
    .port_info 15 /OUTPUT 1 "spm_rw"
    .port_info 16 /OUTPUT 32 "spm_wr_data"
    .port_info 17 /OUTPUT 1 "busy"
    .port_info 18 /INPUT 1 "ex_en"
    .port_info 19 /INPUT 2 "ex_mem_op"
    .port_info 20 /INPUT 32 "ex_mem_wr_data"
    .port_info 21 /INPUT 32 "ex_out"
    .port_info 22 /INPUT 30 "ex_pc"
    .port_info 23 /INPUT 1 "ex_br_flag"
    .port_info 24 /INPUT 2 "ex_ctrl_op"
    .port_info 25 /INPUT 5 "ex_dst_addr"
    .port_info 26 /INPUT 1 "ex_gpr_we_"
    .port_info 27 /INPUT 3 "ex_exp_code"
    .port_info 28 /OUTPUT 30 "mem_pc"
    .port_info 29 /OUTPUT 1 "mem_en"
    .port_info 30 /OUTPUT 1 "mem_br_flag"
    .port_info 31 /OUTPUT 2 "mem_ctrl_op"
    .port_info 32 /OUTPUT 5 "mem_dst_addr"
    .port_info 33 /OUTPUT 1 "mem_gpr_we_"
    .port_info 34 /OUTPUT 3 "mem_exp_code"
    .port_info 35 /OUTPUT 32 "mem_out"
v0000000002910b60_0 .net "addr", 29 0, L_00000000029134e0;  1 drivers
v0000000002910160_0 .net "as_", 0 0, v0000000002906310_0;  1 drivers
v0000000002911740_0 .net "bus_addr", 29 0, v00000000028820d0_0;  1 drivers
v00000000029117e0_0 .net "bus_as_", 0 0, v00000000029063b0_0;  1 drivers
o00000000028c5ca8 .functor BUFZ 1, C4<z>; HiZ drive
v0000000002910ca0_0 .net "bus_grnt_", 0 0, o00000000028c5ca8;  0 drivers
o00000000028c5cd8 .functor BUFZ 32, C4<zzzzzzzzzzzzzzzzzzzzzzzzzzzzzzzz>; HiZ drive
v0000000002911a60_0 .net "bus_rd_data", 31 0, o00000000028c5cd8;  0 drivers
o00000000028c5d08 .functor BUFZ 1, C4<z>; HiZ drive
v0000000002910d40_0 .net "bus_rdy_", 0 0, o00000000028c5d08;  0 drivers
v0000000002911880_0 .net "bus_req_", 0 0, v00000000029069f0_0;  1 drivers
v000000000290fda0_0 .net "bus_rw", 0 0, v0000000002906bd0_0;  1 drivers
v000000000290fe40_0 .net "bus_wr_data", 31 0, v0000000002906630_0;  1 drivers
v000000000290ff80_0 .net "busy", 0 0, v0000000002905ff0_0;  1 drivers
o00000000028c5df8 .functor BUFZ 1, C4<z>; HiZ drive
v0000000002910200_0 .net "clk", 0 0, o00000000028c5df8;  0 drivers
o00000000028c6878 .functor BUFZ 1, C4<z>; HiZ drive
v00000000029102a0_0 .net "ex_br_flag", 0 0, o00000000028c6878;  0 drivers
o00000000028c68a8 .functor BUFZ 2, C4<zz>; HiZ drive
v0000000002910340_0 .net "ex_ctrl_op", 1 0, o00000000028c68a8;  0 drivers
o00000000028c68d8 .functor BUFZ 5, C4<zzzzz>; HiZ drive
v00000000029103e0_0 .net "ex_dst_addr", 4 0, o00000000028c68d8;  0 drivers
o00000000028c6518 .functor BUFZ 1, C4<z>; HiZ drive
v00000000029105c0_0 .net "ex_en", 0 0, o00000000028c6518;  0 drivers
o00000000028c6908 .functor BUFZ 3, C4<zzz>; HiZ drive
v0000000002910480_0 .net "ex_exp_code", 2 0, o00000000028c6908;  0 drivers
o00000000028c6938 .functor BUFZ 1, C4<z>; HiZ drive
v0000000002910660_0 .net "ex_gpr_we_", 0 0, o00000000028c6938;  0 drivers
o00000000028c6548 .functor BUFZ 2, C4<zz>; HiZ drive
v00000000029108e0_0 .net "ex_mem_op", 1 0, o00000000028c6548;  0 drivers
o00000000028c6578 .functor BUFZ 32, C4<zzzzzzzzzzzzzzzzzzzzzzzzzzzzzzzz>; HiZ drive
v0000000002912c20_0 .net "ex_mem_wr_data", 31 0, o00000000028c6578;  0 drivers
o00000000028c65a8 .functor BUFZ 32, C4<zzzzzzzzzzzzzzzzzzzzzzzzzzzzzzzz>; HiZ drive
v00000000029129a0_0 .net "ex_out", 31 0, o00000000028c65a8;  0 drivers
o00000000028c6968 .functor BUFZ 30, C4<zzzzzzzzzzzzzzzzzzzzzzzzzzzzzz>; HiZ drive
v0000000002912cc0_0 .net "ex_pc", 29 0, o00000000028c6968;  0 drivers
o00000000028c5e28 .functor BUFZ 1, C4<z>; HiZ drive
v0000000002912a40_0 .net "flush", 0 0, o00000000028c5e28;  0 drivers
v0000000002913c60_0 .net "mem_br_flag", 0 0, v0000000002910980_0;  1 drivers
v0000000002913760_0 .net "mem_ctrl_op", 1 0, v00000000029114c0_0;  1 drivers
v0000000002913080_0 .net "mem_dst_addr", 4 0, v00000000029111a0_0;  1 drivers
v0000000002914340_0 .net "mem_en", 0 0, v0000000002911240_0;  1 drivers
v00000000029133a0_0 .net "mem_exp_code", 2 0, v0000000002911380_0;  1 drivers
v0000000002912ea0_0 .net "mem_gpr_we_", 0 0, v00000000029116a0_0;  1 drivers
v0000000002913ee0_0 .net "mem_out", 31 0, v0000000002911560_0;  1 drivers
v0000000002913620_0 .net "mem_pc", 29 0, v00000000029100c0_0;  1 drivers
v0000000002912ae0_0 .net "miss_align", 0 0, v0000000002911b00_0;  1 drivers
v0000000002912fe0_0 .net "out", 31 0, v00000000029119c0_0;  1 drivers
v0000000002913800_0 .net "rd_data", 31 0, v0000000002906450_0;  1 drivers
o00000000028c5eb8 .functor BUFZ 1, C4<z>; HiZ drive
v00000000029142a0_0 .net "reset_", 0 0, o00000000028c5eb8;  0 drivers
v0000000002913940_0 .net "rw", 0 0, v000000000290fd00_0;  1 drivers
v0000000002913440_0 .net "spm_addr", 29 0, L_0000000002877eb0;  1 drivers
v0000000002913120_0 .net "spm_as_", 0 0, v0000000002906590_0;  1 drivers
o00000000028c5fa8 .functor BUFZ 32, C4<zzzzzzzzzzzzzzzzzzzzzzzzzzzzzzzz>; HiZ drive
v0000000002912b80_0 .net "spm_rd_data", 31 0, o00000000028c5fa8;  0 drivers
v00000000029139e0_0 .net "spm_rw", 0 0, L_0000000002877c10;  1 drivers
v0000000002914200_0 .net "spm_wr_data", 31 0, L_0000000002877cf0;  1 drivers
o00000000028c6038 .functor BUFZ 1, C4<z>; HiZ drive
v0000000002913a80_0 .net "stall", 0 0, o00000000028c6038;  0 drivers
v0000000002912e00_0 .net "wr_data", 31 0, L_0000000002877dd0;  1 drivers
S_000000000287eaf0 .scope module, "bus_if1" "bus_if" 2 64, 3 6 0, S_0000000002888e80;
 .timescale 0 0;
    .port_info 0 /INPUT 1 "clk"
    .port_info 1 /INPUT 1 "reset_"
    .port_info 2 /INPUT 1 "stall"
    .port_info 3 /INPUT 1 "flush"
    .port_info 4 /OUTPUT 1 "busy"
    .port_info 5 /INPUT 30 "addr"
    .port_info 6 /INPUT 1 "as_"
    .port_info 7 /INPUT 1 "rw"
    .port_info 8 /INPUT 32 "wr_data"
    .port_info 9 /OUTPUT 32 "rd_data"
    .port_info 10 /INPUT 32 "spm_rd_data"
    .port_info 11 /OUTPUT 30 "spm_addr"
    .port_info 12 /OUTPUT 1 "spm_as_"
    .port_info 13 /OUTPUT 1 "spm_rw"
    .port_info 14 /OUTPUT 32 "spm_wr_data"
    .port_info 15 /INPUT 32 "bus_rd_data"
    .port_info 16 /INPUT 1 "bus_rdy_"
    .port_info 17 /INPUT 1 "bus_grnt_"
    .port_info 18 /OUTPUT 1 "bus_req_"
    .port_info 19 /OUTPUT 30 "bus_addr"
    .port_info 20 /OUTPUT 1 "bus_as_"
    .port_info 21 /OUTPUT 1 "bus_rw"
    .port_info 22 /OUTPUT 32 "bus_wr_data"
L_0000000002877eb0 .functor BUFZ 30, L_00000000029134e0, C4<000000000000000000000000000000>, C4<000000000000000000000000000000>, C4<000000000000000000000000000000>;
L_0000000002877c10 .functor BUFZ 1, v000000000290fd00_0, C4<0>, C4<0>, C4<0>;
L_0000000002877cf0 .functor BUFZ 32, L_0000000002877dd0, C4<00000000000000000000000000000000>, C4<00000000000000000000000000000000>, C4<00000000000000000000000000000000>;
v00000000028c4930_0 .net "addr", 29 0, L_00000000029134e0;  alias, 1 drivers
v00000000028c59e0_0 .net "as_", 0 0, v0000000002906310_0;  alias, 1 drivers
v00000000028820d0_0 .var "bus_addr", 29 0;
v00000000029063b0_0 .var "bus_as_", 0 0;
v00000000029066d0_0 .net "bus_grnt_", 0 0, o00000000028c5ca8;  alias, 0 drivers
v0000000002906090_0 .net "bus_rd_data", 31 0, o00000000028c5cd8;  alias, 0 drivers
v00000000029064f0_0 .net "bus_rdy_", 0 0, o00000000028c5d08;  alias, 0 drivers
v00000000029069f0_0 .var "bus_req_", 0 0;
v0000000002906bd0_0 .var "bus_rw", 0 0;
v0000000002906630_0 .var "bus_wr_data", 31 0;
v0000000002905ff0_0 .var "busy", 0 0;
v0000000002905cd0_0 .net "clk", 0 0, o00000000028c5df8;  alias, 0 drivers
v0000000002906a90_0 .net "flush", 0 0, o00000000028c5e28;  alias, 0 drivers
v0000000002906770_0 .var "rd_buf", 31 0;
v0000000002906450_0 .var "rd_data", 31 0;
v0000000002906810_0 .net "reset_", 0 0, o00000000028c5eb8;  alias, 0 drivers
v0000000002906950_0 .net "rw", 0 0, v000000000290fd00_0;  alias, 1 drivers
v0000000002905d70_0 .net "s_index", 2 0, L_0000000002912680;  1 drivers
v0000000002906b30_0 .net "spm_addr", 29 0, L_0000000002877eb0;  alias, 1 drivers
v0000000002906590_0 .var "spm_as_", 0 0;
v0000000002905e10_0 .net "spm_rd_data", 31 0, o00000000028c5fa8;  alias, 0 drivers
v00000000029068b0_0 .net "spm_rw", 0 0, L_0000000002877c10;  alias, 1 drivers
v0000000002905eb0_0 .net "spm_wr_data", 31 0, L_0000000002877cf0;  alias, 1 drivers
v0000000002905f50_0 .net "stall", 0 0, o00000000028c6038;  alias, 0 drivers
v0000000002906130_0 .var "state", 1 0;
v00000000029061d0_0 .net "wr_data", 31 0, L_0000000002877dd0;  alias, 1 drivers
E_00000000028c26b0/0 .event negedge, v0000000002906810_0;
E_00000000028c26b0/1 .event posedge, v0000000002905cd0_0;
E_00000000028c26b0 .event/or E_00000000028c26b0/0, E_00000000028c26b0/1;
E_00000000028c1a30/0 .event edge, v0000000002906130_0, v0000000002906a90_0, v00000000028c59e0_0, v0000000002905d70_0;
E_00000000028c1a30/1 .event edge, v0000000002905f50_0, v0000000002906950_0, v0000000002905e10_0, v00000000029064f0_0;
E_00000000028c1a30/2 .event edge, v0000000002906090_0, v0000000002906770_0;
E_00000000028c1a30 .event/or E_00000000028c1a30/0, E_00000000028c1a30/1, E_00000000028c1a30/2;
L_0000000002912680 .part L_00000000029134e0, 27, 3;
S_00000000029876b0 .scope module, "mem_ctrl0" "mem_ctrl" 2 98, 4 5 0, S_0000000002888e80;
 .timescale 0 0;
    .port_info 0 /INPUT 1 "ex_en"
    .port_info 1 /INPUT 2 "ex_mem_op"
    .port_info 2 /INPUT 32 "ex_mem_wr_data"
    .port_info 3 /INPUT 32 "ex_out"
    .port_info 4 /INPUT 32 "rd_data"
    .port_info 5 /OUTPUT 30 "addr"
    .port_info 6 /OUTPUT 1 "as_"
    .port_info 7 /OUTPUT 1 "rw"
    .port_info 8 /OUTPUT 32 "wr_data"
    .port_info 9 /OUTPUT 32 "out"
    .port_info 10 /OUTPUT 1 "miss_align"
L_0000000002877dd0 .functor BUFZ 32, o00000000028c6578, C4<00000000000000000000000000000000>, C4<00000000000000000000000000000000>, C4<00000000000000000000000000000000>;
v0000000002906270_0 .net "addr", 29 0, L_00000000029134e0;  alias, 1 drivers
v0000000002906310_0 .var "as_", 0 0;
v0000000002910700_0 .net "ex_en", 0 0, o00000000028c6518;  alias, 0 drivers
v0000000002910a20_0 .net "ex_mem_op", 1 0, o00000000028c6548;  alias, 0 drivers
v0000000002910520_0 .net "ex_mem_wr_data", 31 0, o00000000028c6578;  alias, 0 drivers
v0000000002910de0_0 .net "ex_out", 31 0, o00000000028c65a8;  alias, 0 drivers
v0000000002911b00_0 .var "miss_align", 0 0;
v000000000290fee0_0 .net "offset", 1 0, L_0000000002912720;  1 drivers
v00000000029119c0_0 .var "out", 31 0;
v0000000002910fc0_0 .net "rd_data", 31 0, v0000000002906450_0;  alias, 1 drivers
v000000000290fd00_0 .var "rw", 0 0;
v00000000029107a0_0 .net "wr_data", 31 0, L_0000000002877dd0;  alias, 1 drivers
E_00000000028c1cb0/0 .event edge, v0000000002910700_0, v0000000002910a20_0, v000000000290fee0_0, v0000000002906450_0;
E_00000000028c1cb0/1 .event edge, v0000000002910de0_0;
E_00000000028c1cb0 .event/or E_00000000028c1cb0/0, E_00000000028c1cb0/1;
L_00000000029134e0 .part o00000000028c65a8, 2, 30;
L_0000000002912720 .part o00000000028c65a8, 0, 2;
S_0000000002987830 .scope module, "mem_reg0" "mem_reg" 2 114, 5 5 0, S_0000000002888e80;
 .timescale 0 0;
    .port_info 0 /INPUT 1 "clk"
    .port_info 1 /INPUT 1 "reset_"
    .port_info 2 /INPUT 32 "out"
    .port_info 3 /INPUT 1 "miss_align"
    .port_info 4 /INPUT 1 "stall"
    .port_info 5 /INPUT 1 "flush"
    .port_info 6 /INPUT 30 "ex_pc"
    .port_info 7 /INPUT 1 "ex_en"
    .port_info 8 /INPUT 1 "ex_br_flag"
    .port_info 9 /INPUT 2 "ex_ctrl_op"
    .port_info 10 /INPUT 5 "ex_dst_addr"
    .port_info 11 /INPUT 1 "ex_gpr_we_"
    .port_info 12 /INPUT 3 "ex_exp_code"
    .port_info 13 /OUTPUT 30 "mem_pc"
    .port_info 14 /OUTPUT 1 "mem_en"
    .port_info 15 /OUTPUT 1 "mem_br_flag"
    .port_info 16 /OUTPUT 2 "mem_ctrl_op"
    .port_info 17 /OUTPUT 5 "mem_dst_addr"
    .port_info 18 /OUTPUT 1 "mem_gpr_we_"
    .port_info 19 /OUTPUT 3 "mem_exp_code"
    .port_info 20 /OUTPUT 32 "mem_out"
v0000000002911420_0 .net "clk", 0 0, o00000000028c5df8;  alias, 0 drivers
v0000000002910020_0 .net "ex_br_flag", 0 0, o00000000028c6878;  alias, 0 drivers
v00000000029112e0_0 .net "ex_ctrl_op", 1 0, o00000000028c68a8;  alias, 0 drivers
v0000000002911920_0 .net "ex_dst_addr", 4 0, o00000000028c68d8;  alias, 0 drivers
v0000000002910c00_0 .net "ex_en", 0 0, o00000000028c6518;  alias, 0 drivers
v0000000002910e80_0 .net "ex_exp_code", 2 0, o00000000028c6908;  alias, 0 drivers
v0000000002910f20_0 .net "ex_gpr_we_", 0 0, o00000000028c6938;  alias, 0 drivers
v0000000002910840_0 .net "ex_pc", 29 0, o00000000028c6968;  alias, 0 drivers
v0000000002910ac0_0 .net "flush", 0 0, o00000000028c5e28;  alias, 0 drivers
v0000000002910980_0 .var "mem_br_flag", 0 0;
v00000000029114c0_0 .var "mem_ctrl_op", 1 0;
v00000000029111a0_0 .var "mem_dst_addr", 4 0;
v0000000002911240_0 .var "mem_en", 0 0;
v0000000002911380_0 .var "mem_exp_code", 2 0;
v00000000029116a0_0 .var "mem_gpr_we_", 0 0;
v0000000002911560_0 .var "mem_out", 31 0;
v00000000029100c0_0 .var "mem_pc", 29 0;
v0000000002911060_0 .net "miss_align", 0 0, v0000000002911b00_0;  alias, 1 drivers
v0000000002911100_0 .net "out", 31 0, v00000000029119c0_0;  alias, 1 drivers
v0000000002911ba0_0 .net "reset_", 0 0, o00000000028c5eb8;  alias, 0 drivers
v0000000002911600_0 .net "stall", 0 0, o00000000028c6038;  alias, 0 drivers
    .scope S_000000000287eaf0;
T_0 ;
    %wait E_00000000028c1a30;
    %pushi/vec4 0, 0, 32;
    %store/vec4 v0000000002906450_0, 0, 32;
    %pushi/vec4 1, 0, 1;
    %store/vec4 v0000000002906590_0, 0, 1;
    %pushi/vec4 0, 0, 1;
    %store/vec4 v0000000002905ff0_0, 0, 1;
    %load/vec4 v0000000002906130_0;
    %dup/vec4;
    %pushi/vec4 0, 0, 2;
    %cmp/u;
    %jmp/1 T_0.0, 6;
    %dup/vec4;
    %pushi/vec4 0, 0, 2;
    %cmp/u;
    %jmp/1 T_0.1, 6;
    %dup/vec4;
    %pushi/vec4 0, 0, 2;
    %cmp/u;
    %jmp/1 T_0.2, 6;
    %dup/vec4;
    %pushi/vec4 0, 0, 2;
    %cmp/u;
    %jmp/1 T_0.3, 6;
    %jmp T_0.4;
T_0.0 ;
    %load/vec4 v0000000002906a90_0;
    %pushi/vec4 0, 0, 1;
    %cmp/e;
    %flag_get/vec4 4;
    %load/vec4 v00000000028c59e0_0;
    %pushi/vec4 0, 0, 1;
    %cmp/e;
    %flag_get/vec4 4;
    %and;
    %flag_set/vec4 8;
    %jmp/0xz  T_0.5, 8;
    %load/vec4 v0000000002905d70_0;
    %pad/u 32;
    %cmpi/e 1, 0, 32;
    %jmp/0xz  T_0.7, 4;
    %load/vec4 v0000000002905f50_0;
    %cmpi/e 0, 0, 1;
    %jmp/0xz  T_0.9, 4;
    %pushi/vec4 0, 0, 1;
    %store/vec4 v0000000002906590_0, 0, 1;
    %load/vec4 v0000000002906950_0;
    %cmpi/e 1, 0, 1;
    %jmp/0xz  T_0.11, 4;
    %load/vec4 v0000000002905e10_0;
    %store/vec4 v0000000002906450_0, 0, 32;
T_0.11 ;
T_0.9 ;
    %jmp T_0.8;
T_0.7 ;
    %pushi/vec4 1, 0, 1;
    %store/vec4 v0000000002905ff0_0, 0, 1;
T_0.8 ;
T_0.5 ;
    %jmp T_0.4;
T_0.1 ;
    %pushi/vec4 1, 0, 1;
    %store/vec4 v0000000002905ff0_0, 0, 1;
    %jmp T_0.4;
T_0.2 ;
    %load/vec4 v00000000029064f0_0;
    %cmpi/e 0, 0, 1;
    %jmp/0xz  T_0.13, 4;
    %load/vec4 v0000000002906950_0;
    %cmpi/e 1, 0, 1;
    %jmp/0xz  T_0.15, 4;
    %load/vec4 v0000000002906090_0;
    %store/vec4 v0000000002906450_0, 0, 32;
T_0.15 ;
    %jmp T_0.14;
T_0.13 ;
    %load/vec4 v0000000002906770_0;
    %store/vec4 v0000000002906450_0, 0, 32;
T_0.14 ;
    %jmp T_0.4;
T_0.3 ;
    %load/vec4 v0000000002906950_0;
    %cmpi/e 1, 0, 1;
    %jmp/0xz  T_0.17, 4;
    %load/vec4 v0000000002906770_0;
    %store/vec4 v0000000002906450_0, 0, 32;
T_0.17 ;
    %jmp T_0.4;
T_0.4 ;
    %pop/vec4 1;
    %jmp T_0;
    .thread T_0, $push;
    .scope S_000000000287eaf0;
T_1 ;
    %wait E_00000000028c26b0;
    %load/vec4 v0000000002906810_0;
    %cmpi/e 0, 0, 1;
    %jmp/0xz  T_1.0, 4;
    %pushi/vec4 0, 0, 2;
    %assign/vec4 v0000000002906130_0, 1;
    %pushi/vec4 1, 0, 1;
    %assign/vec4 v00000000029069f0_0, 1;
    %pushi/vec4 0, 0, 30;
    %assign/vec4 v00000000028820d0_0, 1;
    %pushi/vec4 1, 0, 1;
    %assign/vec4 v00000000029063b0_0, 1;
    %pushi/vec4 1, 0, 1;
    %assign/vec4 v0000000002906bd0_0, 1;
    %pushi/vec4 0, 0, 32;
    %assign/vec4 v0000000002906630_0, 1;
    %pushi/vec4 0, 0, 32;
    %assign/vec4 v0000000002906770_0, 1;
    %jmp T_1.1;
T_1.0 ;
    %load/vec4 v0000000002906130_0;
    %dup/vec4;
    %pushi/vec4 0, 0, 2;
    %cmp/u;
    %jmp/1 T_1.2, 6;
    %dup/vec4;
    %pushi/vec4 0, 0, 2;
    %cmp/u;
    %jmp/1 T_1.3, 6;
    %dup/vec4;
    %pushi/vec4 0, 0, 2;
    %cmp/u;
    %jmp/1 T_1.4, 6;
    %dup/vec4;
    %pushi/vec4 0, 0, 2;
    %cmp/u;
    %jmp/1 T_1.5, 6;
    %jmp T_1.6;
T_1.2 ;
    %load/vec4 v0000000002906a90_0;
    %pushi/vec4 0, 0, 1;
    %cmp/e;
    %flag_get/vec4 4;
    %load/vec4 v00000000028c59e0_0;
    %pushi/vec4 0, 0, 1;
    %cmp/e;
    %flag_get/vec4 4;
    %and;
    %flag_set/vec4 8;
    %jmp/0xz  T_1.7, 8;
    %load/vec4 v0000000002905d70_0;
    %pad/u 32;
    %cmpi/ne 1, 0, 32;
    %jmp/0xz  T_1.9, 4;
    %pushi/vec4 0, 0, 2;
    %assign/vec4 v0000000002906130_0, 1;
    %pushi/vec4 0, 0, 1;
    %assign/vec4 v00000000029069f0_0, 1;
    %load/vec4 v00000000028c4930_0;
    %assign/vec4 v00000000028820d0_0, 1;
    %load/vec4 v0000000002906950_0;
    %assign/vec4 v0000000002906bd0_0, 1;
    %load/vec4 v00000000029061d0_0;
    %assign/vec4 v0000000002906630_0, 1;
T_1.9 ;
T_1.7 ;
    %jmp T_1.6;
T_1.3 ;
    %load/vec4 v00000000029066d0_0;
    %cmpi/e 0, 0, 1;
    %jmp/0xz  T_1.11, 4;
    %pushi/vec4 0, 0, 2;
    %assign/vec4 v0000000002906130_0, 1;
    %pushi/vec4 0, 0, 1;
    %assign/vec4 v00000000029063b0_0, 1;
T_1.11 ;
    %jmp T_1.6;
T_1.4 ;
    %pushi/vec4 1, 0, 1;
    %assign/vec4 v00000000029063b0_0, 1;
    %load/vec4 v00000000029064f0_0;
    %cmpi/e 0, 0, 1;
    %jmp/0xz  T_1.13, 4;
    %pushi/vec4 1, 0, 1;
    %assign/vec4 v00000000029069f0_0, 1;
    %pushi/vec4 0, 0, 30;
    %assign/vec4 v00000000028820d0_0, 1;
    %pushi/vec4 1, 0, 1;
    %assign/vec4 v0000000002906bd0_0, 1;
    %pushi/vec4 0, 0, 32;
    %assign/vec4 v0000000002906630_0, 1;
    %load/vec4 v0000000002906bd0_0;
    %cmpi/e 1, 0, 1;
    %jmp/0xz  T_1.15, 4;
    %load/vec4 v0000000002906090_0;
    %assign/vec4 v0000000002906770_0, 1;
T_1.15 ;
    %load/vec4 v0000000002905f50_0;
    %cmpi/e 1, 0, 1;
    %jmp/0xz  T_1.17, 4;
    %pushi/vec4 0, 0, 2;
    %assign/vec4 v0000000002906130_0, 1;
    %jmp T_1.18;
T_1.17 ;
    %pushi/vec4 0, 0, 2;
    %assign/vec4 v0000000002906130_0, 1;
T_1.18 ;
T_1.13 ;
    %jmp T_1.6;
T_1.5 ;
    %load/vec4 v0000000002905f50_0;
    %cmpi/e 0, 0, 1;
    %jmp/0xz  T_1.19, 4;
    %pushi/vec4 0, 0, 2;
    %assign/vec4 v0000000002906130_0, 1;
T_1.19 ;
    %jmp T_1.6;
T_1.6 ;
    %pop/vec4 1;
T_1.1 ;
    %jmp T_1;
    .thread T_1;
    .scope S_00000000029876b0;
T_2 ;
    %wait E_00000000028c1cb0;
    %pushi/vec4 0, 0, 1;
    %store/vec4 v0000000002911b00_0, 0, 1;
    %pushi/vec4 0, 0, 32;
    %store/vec4 v00000000029119c0_0, 0, 32;
    %pushi/vec4 1, 0, 1;
    %store/vec4 v0000000002906310_0, 0, 1;
    %pushi/vec4 1, 0, 1;
    %store/vec4 v000000000290fd00_0, 0, 1;
    %load/vec4 v0000000002910700_0;
    %cmpi/e 1, 0, 1;
    %jmp/0xz  T_2.0, 4;
    %load/vec4 v0000000002910a20_0;
    %dup/vec4;
    %pushi/vec4 1, 0, 2;
    %cmp/u;
    %jmp/1 T_2.2, 6;
    %dup/vec4;
    %pushi/vec4 2, 0, 2;
    %cmp/u;
    %jmp/1 T_2.3, 6;
    %load/vec4 v0000000002910de0_0;
    %store/vec4 v00000000029119c0_0, 0, 32;
    %jmp T_2.5;
T_2.2 ;
    %load/vec4 v000000000290fee0_0;
    %cmpi/e 0, 0, 2;
    %jmp/0xz  T_2.6, 4;
    %load/vec4 v0000000002910fc0_0;
    %store/vec4 v00000000029119c0_0, 0, 32;
    %pushi/vec4 0, 0, 1;
    %store/vec4 v0000000002906310_0, 0, 1;
    %jmp T_2.7;
T_2.6 ;
    %pushi/vec4 1, 0, 1;
    %store/vec4 v0000000002911b00_0, 0, 1;
T_2.7 ;
    %jmp T_2.5;
T_2.3 ;
    %load/vec4 v000000000290fee0_0;
    %cmpi/e 0, 0, 2;
    %jmp/0xz  T_2.8, 4;
    %pushi/vec4 0, 0, 1;
    %store/vec4 v000000000290fd00_0, 0, 1;
    %pushi/vec4 0, 0, 1;
    %store/vec4 v0000000002906310_0, 0, 1;
    %jmp T_2.9;
T_2.8 ;
    %pushi/vec4 1, 0, 1;
    %store/vec4 v0000000002911b00_0, 0, 1;
T_2.9 ;
    %jmp T_2.5;
T_2.5 ;
    %pop/vec4 1;
T_2.0 ;
    %jmp T_2;
    .thread T_2, $push;
    .scope S_0000000002987830;
T_3 ;
    %wait E_00000000028c26b0;
    %load/vec4 v0000000002911ba0_0;
    %cmpi/e 0, 0, 1;
    %jmp/0xz  T_3.0, 4;
    %pushi/vec4 0, 0, 30;
    %assign/vec4 v00000000029100c0_0, 1;
    %pushi/vec4 0, 0, 1;
    %assign/vec4 v0000000002911240_0, 1;
    %pushi/vec4 0, 0, 1;
    %assign/vec4 v0000000002910980_0, 1;
    %pushi/vec4 0, 0, 2;
    %assign/vec4 v00000000029114c0_0, 1;
    %pushi/vec4 0, 0, 5;
    %assign/vec4 v00000000029111a0_0, 1;
    %pushi/vec4 1, 0, 1;
    %assign/vec4 v00000000029116a0_0, 1;
    %pushi/vec4 0, 0, 3;
    %assign/vec4 v0000000002911380_0, 1;
    %pushi/vec4 0, 0, 32;
    %assign/vec4 v0000000002911560_0, 1;
    %jmp T_3.1;
T_3.0 ;
    %load/vec4 v0000000002911600_0;
    %cmpi/e 0, 0, 1;
    %jmp/0xz  T_3.2, 4;
    %load/vec4 v0000000002910ac0_0;
    %cmpi/e 1, 0, 1;
    %jmp/0xz  T_3.4, 4;
    %pushi/vec4 0, 0, 30;
    %assign/vec4 v00000000029100c0_0, 1;
    %pushi/vec4 0, 0, 1;
    %assign/vec4 v0000000002911240_0, 1;
    %pushi/vec4 0, 0, 1;
    %assign/vec4 v0000000002910980_0, 1;
    %pushi/vec4 0, 0, 2;
    %assign/vec4 v00000000029114c0_0, 1;
    %pushi/vec4 0, 0, 5;
    %assign/vec4 v00000000029111a0_0, 1;
    %pushi/vec4 1, 0, 1;
    %assign/vec4 v00000000029116a0_0, 1;
    %pushi/vec4 0, 0, 3;
    %assign/vec4 v0000000002911380_0, 1;
    %pushi/vec4 0, 0, 32;
    %assign/vec4 v0000000002911560_0, 1;
    %jmp T_3.5;
T_3.4 ;
    %load/vec4 v0000000002911060_0;
    %cmpi/e 1, 0, 1;
    %jmp/0xz  T_3.6, 4;
    %load/vec4 v0000000002910840_0;
    %assign/vec4 v00000000029100c0_0, 1;
    %load/vec4 v0000000002910c00_0;
    %assign/vec4 v0000000002911240_0, 1;
    %load/vec4 v0000000002910020_0;
    %assign/vec4 v0000000002910980_0, 1;
    %pushi/vec4 0, 0, 2;
    %assign/vec4 v00000000029114c0_0, 1;
    %pushi/vec4 0, 0, 5;
    %assign/vec4 v00000000029111a0_0, 1;
    %pushi/vec4 1, 0, 1;
    %assign/vec4 v00000000029116a0_0, 1;
    %pushi/vec4 4, 0, 3;
    %assign/vec4 v0000000002911380_0, 1;
    %pushi/vec4 0, 0, 32;
    %assign/vec4 v0000000002911560_0, 1;
    %jmp T_3.7;
T_3.6 ;
    %load/vec4 v0000000002910840_0;
    %assign/vec4 v00000000029100c0_0, 1;
    %load/vec4 v0000000002910c00_0;
    %assign/vec4 v0000000002911240_0, 1;
    %load/vec4 v0000000002910020_0;
    %assign/vec4 v0000000002910980_0, 1;
    %load/vec4 v00000000029112e0_0;
    %assign/vec4 v00000000029114c0_0, 1;
    %load/vec4 v0000000002911920_0;
    %assign/vec4 v00000000029111a0_0, 1;
    %load/vec4 v0000000002910f20_0;
    %assign/vec4 v00000000029116a0_0, 1;
    %load/vec4 v0000000002910e80_0;
    %assign/vec4 v0000000002911380_0, 1;
    %load/vec4 v0000000002911100_0;
    %assign/vec4 v0000000002911560_0, 1;
T_3.7 ;
T_3.5 ;
T_3.2 ;
T_3.1 ;
    %jmp T_3;
    .thread T_3;
# The file index is used to find the file name in the following table.
:file_names 6;
    "N/A";
    "<interactive>";
    "mem_stage.v";
    "./..\if_stage\bus_if.v";
    "./mem_ctrl.v";
    "./mem_reg.v";
