#! c:/iverilog-x64/bin/vvp
:ivl_version "10.1 (stable)" "(v10_1_1)";
:ivl_delay_selection "TYPICAL";
:vpi_time_precision + 0;
:vpi_module "system";
:vpi_module "vhdl_sys";
:vpi_module "v2005_math";
:vpi_module "va_math";
S_00000000028c75f0 .scope module, "gpio" "gpio" 2 7;
 .timescale 0 0;
    .port_info 0 /INPUT 1 "clk"
    .port_info 1 /INPUT 1 "reset_"
    .port_info 2 /INPUT 1 "cs_"
    .port_info 3 /INPUT 1 "as_"
    .port_info 4 /INPUT 1 "rw"
    .port_info 5 /INPUT 2 "addr"
    .port_info 6 /INPUT 32 "wr_data"
    .port_info 7 /OUTPUT 32 "rd_data"
    .port_info 8 /OUTPUT 1 "rdy_"
    .port_info 9 /INPUT 4 "gpio_in"
    .port_info 10 /OUTPUT 18 "gpio_out"
    .port_info 11 /INOUT 16 "gpio_io"
o00000000048bcb18 .functor BUFZ 16, C4<zzzzzzzzzzzzzzzz>; HiZ drive
L_00000000048acf20 .functor BUFZ 16, o00000000048bcb18, C4<0000000000000000>, C4<0000000000000000>, C4<0000000000000000>;
o00000000048bca28 .functor BUFZ 2, C4<zz>; HiZ drive
v00000000028c78f0_0 .net "addr", 1 0, o00000000048bca28;  0 drivers
o00000000048bca58 .functor BUFZ 1, C4<z>; HiZ drive
v0000000004912710_0 .net "as_", 0 0, o00000000048bca58;  0 drivers
o00000000048bca88 .functor BUFZ 1, C4<z>; HiZ drive
v00000000049127b0_0 .net "clk", 0 0, o00000000048bca88;  0 drivers
o00000000048bcab8 .functor BUFZ 1, C4<z>; HiZ drive
v0000000004912850_0 .net "cs_", 0 0, o00000000048bcab8;  0 drivers
v00000000049128f0_0 .net "gpio_in", 3 0, L_0000000004913980;  1 drivers
v0000000004912990_0 .net "gpio_io", 15 0, o00000000048bcb18;  0 drivers
v0000000004912a30_0 .var "gpio_out", 17 0;
v0000000004912ad0_0 .var/i "i", 31 0;
v0000000004912b70_0 .var "io", 15 0;
v0000000004912c10_0 .var "io_dir", 15 0;
v0000000004912cb0_0 .net "io_in", 15 0, L_00000000048acf20;  1 drivers
v0000000004912d50_0 .var "io_out", 15 0;
v0000000004912df0_0 .var "rd_data", 31 0;
v0000000004912e90_0 .var "rdy_", 0 0;
o00000000048bccc8 .functor BUFZ 1, C4<z>; HiZ drive
v0000000004913700_0 .net "reset_", 0 0, o00000000048bccc8;  0 drivers
o00000000048bccf8 .functor BUFZ 1, C4<z>; HiZ drive
v0000000004913de0_0 .net "rw", 0 0, o00000000048bccf8;  0 drivers
o00000000048bcd28 .functor BUFZ 32, C4<zzzzzzzzzzzzzzzzzzzzzzzzzzzzzzzz>; HiZ drive
v0000000004913e80_0 .net "wr_data", 31 0, o00000000048bcd28;  0 drivers
E_00000000048b61b0/0 .event negedge, v0000000004913700_0;
E_00000000048b61b0/1 .event posedge, v00000000049127b0_0;
E_00000000048b61b0 .event/or E_00000000048b61b0/0, E_00000000048b61b0/1;
E_00000000048b6af0 .event edge, v0000000004912ad0_0, v0000000004912c10_0, v0000000004912d50_0;
L_0000000004913980 .part v0000000004912b70_0, 0, 4;
S_00000000028c7770 .scope begin, "IO_DIR" "IO_DIR" 2 39, 2 39 0, S_00000000028c75f0;
 .timescale 0 0;
    .scope S_00000000028c75f0;
T_0 ;
    %wait E_00000000048b6af0;
    %pushi/vec4 0, 0, 32;
    %store/vec4 v0000000004912ad0_0, 0, 32;
T_0.0 ;
    %load/vec4 v0000000004912ad0_0;
    %cmpi/s 4, 0, 32;
    %jmp/0xz T_0.1, 5;
    %fork t_1, S_00000000028c7770;
    %jmp t_0;
    .scope S_00000000028c7770;
t_1 ;
    %load/vec4 v0000000004912c10_0;
    %load/vec4 v0000000004912ad0_0;
    %part/s 1;
    %cmpi/e 0, 0, 1;
    %flag_mov 8, 4;
    %jmp/0 T_0.2, 8;
    %pushi/vec4 0, 1, 1;
    %jmp/1 T_0.3, 8;
T_0.2 ; End of true expr.
    %load/vec4 v0000000004912d50_0;
    %load/vec4 v0000000004912ad0_0;
    %part/s 1;
    %jmp/0 T_0.3, 8;
 ; End of false expr.
    %blend;
T_0.3;
    %ix/getv/s 4, v0000000004912ad0_0;
    %store/vec4 v0000000004912b70_0, 4, 1;
    %end;
    .scope S_00000000028c75f0;
t_0 %join;
    %load/vec4 v0000000004912ad0_0;
    %addi 1, 0, 32;
    %store/vec4 v0000000004912ad0_0, 0, 32;
    %jmp T_0.0;
T_0.1 ;
    %jmp T_0;
    .thread T_0, $push;
    .scope S_00000000028c75f0;
T_1 ;
    %wait E_00000000048b61b0;
    %load/vec4 v0000000004913700_0;
    %cmpi/e 0, 0, 1;
    %jmp/0xz  T_1.0, 4;
    %pushi/vec4 0, 0, 32;
    %assign/vec4 v0000000004912df0_0, 1;
    %pushi/vec4 1, 0, 1;
    %assign/vec4 v0000000004912e90_0, 1;
    %pushi/vec4 0, 0, 18;
    %assign/vec4 v0000000004912a30_0, 1;
    %pushi/vec4 0, 0, 16;
    %assign/vec4 v0000000004912d50_0, 1;
    %pushi/vec4 0, 0, 16;
    %assign/vec4 v0000000004912c10_0, 1;
    %jmp T_1.1;
T_1.0 ;
    %load/vec4 v0000000004912850_0;
    %pushi/vec4 0, 0, 1;
    %cmp/e;
    %flag_get/vec4 4;
    %load/vec4 v0000000004912710_0;
    %pushi/vec4 0, 0, 1;
    %cmp/e;
    %flag_get/vec4 4;
    %and;
    %flag_set/vec4 8;
    %jmp/0xz  T_1.2, 8;
    %pushi/vec4 0, 0, 1;
    %assign/vec4 v0000000004912e90_0, 1;
    %jmp T_1.3;
T_1.2 ;
    %pushi/vec4 1, 0, 1;
    %assign/vec4 v0000000004912e90_0, 1;
T_1.3 ;
    %load/vec4 v0000000004912850_0;
    %pushi/vec4 0, 0, 1;
    %cmp/e;
    %flag_get/vec4 4;
    %load/vec4 v0000000004912710_0;
    %pushi/vec4 0, 0, 1;
    %cmp/e;
    %flag_get/vec4 4;
    %and;
    %load/vec4 v0000000004913de0_0;
    %pushi/vec4 1, 0, 1;
    %cmp/e;
    %flag_get/vec4 4;
    %and;
    %flag_set/vec4 8;
    %jmp/0xz  T_1.4, 8;
    %load/vec4 v00000000028c78f0_0;
    %dup/vec4;
    %pushi/vec4 0, 0, 2;
    %cmp/u;
    %jmp/1 T_1.6, 6;
    %dup/vec4;
    %pushi/vec4 1, 0, 2;
    %cmp/u;
    %jmp/1 T_1.7, 6;
    %dup/vec4;
    %pushi/vec4 2, 0, 2;
    %cmp/u;
    %jmp/1 T_1.8, 6;
    %dup/vec4;
    %pushi/vec4 3, 0, 2;
    %cmp/u;
    %jmp/1 T_1.9, 6;
    %jmp T_1.10;
T_1.6 ;
    %pushi/vec4 0, 0, 28;
    %load/vec4 v00000000049128f0_0;
    %concat/vec4; draw_concat_vec4
    %assign/vec4 v0000000004912df0_0, 1;
    %jmp T_1.10;
T_1.7 ;
    %pushi/vec4 0, 0, 14;
    %load/vec4 v0000000004912a30_0;
    %concat/vec4; draw_concat_vec4
    %assign/vec4 v0000000004912df0_0, 1;
    %jmp T_1.10;
T_1.8 ;
    %pushi/vec4 0, 0, 16;
    %load/vec4 v0000000004912cb0_0;
    %concat/vec4; draw_concat_vec4
    %assign/vec4 v0000000004912df0_0, 1;
    %jmp T_1.10;
T_1.9 ;
    %pushi/vec4 0, 0, 16;
    %load/vec4 v0000000004912c10_0;
    %concat/vec4; draw_concat_vec4
    %assign/vec4 v0000000004912df0_0, 1;
    %jmp T_1.10;
T_1.10 ;
    %pop/vec4 1;
    %jmp T_1.5;
T_1.4 ;
    %pushi/vec4 0, 0, 32;
    %assign/vec4 v0000000004912df0_0, 1;
T_1.5 ;
    %load/vec4 v0000000004912850_0;
    %pushi/vec4 0, 0, 1;
    %cmp/e;
    %flag_get/vec4 4;
    %load/vec4 v0000000004912710_0;
    %pushi/vec4 0, 0, 1;
    %cmp/e;
    %flag_get/vec4 4;
    %and;
    %load/vec4 v0000000004913de0_0;
    %pushi/vec4 0, 0, 1;
    %cmp/e;
    %flag_get/vec4 4;
    %and;
    %flag_set/vec4 8;
    %jmp/0xz  T_1.11, 8;
    %load/vec4 v00000000028c78f0_0;
    %dup/vec4;
    %pushi/vec4 1, 0, 2;
    %cmp/u;
    %jmp/1 T_1.13, 6;
    %dup/vec4;
    %pushi/vec4 3, 0, 2;
    %cmp/u;
    %jmp/1 T_1.14, 6;
    %jmp T_1.15;
T_1.13 ;
    %load/vec4 v0000000004913e80_0;
    %parti/s 16, 0, 2;
    %pad/u 18;
    %assign/vec4 v0000000004912a30_0, 1;
    %jmp T_1.15;
T_1.14 ;
    %load/vec4 v0000000004913e80_0;
    %parti/s 16, 0, 2;
    %assign/vec4 v0000000004912c10_0, 1;
    %jmp T_1.15;
T_1.15 ;
    %pop/vec4 1;
T_1.11 ;
T_1.1 ;
    %jmp T_1;
    .thread T_1;
# The file index is used to find the file name in the following table.
:file_names 3;
    "N/A";
    "<interactive>";
    "gpio.v";
