#! c:/iverilog-x64/bin/vvp
:ivl_version "10.1 (stable)" "(v10_1_1)";
:ivl_delay_selection "TYPICAL";
:vpi_time_precision + 0;
:vpi_module "system";
:vpi_module "vhdl_sys";
:vpi_module "v2005_math";
:vpi_module "va_math";
S_000000000480e3e0 .scope module, "if_stage" "if_stage" 2 6;
 .timescale 0 0;
    .port_info 0 /INPUT 1 "clk"
    .port_info 1 /INPUT 1 "reset_"
    .port_info 2 /INPUT 1 "stall"
    .port_info 3 /INPUT 1 "flush"
    .port_info 4 /OUTPUT 1 "busy"
    .port_info 5 /INPUT 32 "spm_rd_data"
    .port_info 6 /OUTPUT 30 "spm_addr"
    .port_info 7 /OUTPUT 1 "spm_as_"
    .port_info 8 /OUTPUT 1 "spm_rw"
    .port_info 9 /OUTPUT 32 "spm_wr_data"
    .port_info 10 /INPUT 32 "bus_rd_data"
    .port_info 11 /INPUT 1 "bus_rdy_"
    .port_info 12 /INPUT 1 "bus_grnt_"
    .port_info 13 /OUTPUT 1 "bus_req_"
    .port_info 14 /OUTPUT 30 "bus_addr"
    .port_info 15 /OUTPUT 1 "bus_as_"
    .port_info 16 /OUTPUT 1 "bus_rw"
    .port_info 17 /OUTPUT 32 "bus_wr_data"
    .port_info 18 /INPUT 30 "new_pc"
    .port_info 19 /INPUT 1 "br_taken"
    .port_info 20 /INPUT 30 "br_addr"
    .port_info 21 /OUTPUT 30 "if_pc"
    .port_info 22 /OUTPUT 32 "if_insn"
    .port_info 23 /OUTPUT 1 "if_en"
o000000000482fc48 .functor BUFZ 30, C4<zzzzzzzzzzzzzzzzzzzzzzzzzzzzzz>; HiZ drive
v000000000488ad60_0 .net "br_addr", 29 0, o000000000482fc48;  0 drivers
o000000000482fc78 .functor BUFZ 1, C4<z>; HiZ drive
v00000000048893c0_0 .net "br_taken", 0 0, o000000000482fc78;  0 drivers
v000000000488ae00_0 .net "bus_addr", 29 0, v000000000480e6f0_0;  1 drivers
v000000000488a220_0 .net "bus_as_", 0 0, v0000000004805160_0;  1 drivers
o000000000482f3d8 .functor BUFZ 1, C4<z>; HiZ drive
v0000000004889d20_0 .net "bus_grnt_", 0 0, o000000000482f3d8;  0 drivers
o000000000482f408 .functor BUFZ 32, C4<zzzzzzzzzzzzzzzzzzzzzzzzzzzzzzzz>; HiZ drive
v00000000048896e0_0 .net "bus_rd_data", 31 0, o000000000482f408;  0 drivers
o000000000482f438 .functor BUFZ 1, C4<z>; HiZ drive
v0000000004889dc0_0 .net "bus_rdy_", 0 0, o000000000482f438;  0 drivers
v00000000048890a0_0 .net "bus_req_", 0 0, v0000000004888db0_0;  1 drivers
v0000000004889f00_0 .net "bus_rw", 0 0, v0000000004888a90_0;  1 drivers
v0000000004889640_0 .net "bus_wr_data", 31 0, v00000000048886d0_0;  1 drivers
v0000000004889780_0 .net "busy", 0 0, v00000000048888b0_0;  1 drivers
o000000000482f528 .functor BUFZ 1, C4<z>; HiZ drive
v000000000488a2c0_0 .net "clk", 0 0, o000000000482f528;  0 drivers
o000000000482f558 .functor BUFZ 1, C4<z>; HiZ drive
v0000000004889e60_0 .net "flush", 0 0, o000000000482f558;  0 drivers
v0000000004889820_0 .net "if_en", 0 0, v0000000004888630_0;  1 drivers
v000000000488aea0_0 .net "if_insn", 31 0, v000000000488a360_0;  1 drivers
v00000000048898c0_0 .net "if_pc", 29 0, v0000000004889c80_0;  1 drivers
o000000000482fd08 .functor BUFZ 30, C4<zzzzzzzzzzzzzzzzzzzzzzzzzzzzzz>; HiZ drive
v0000000004889fa0_0 .net "new_pc", 29 0, o000000000482fd08;  0 drivers
o000000000482f5e8 .functor BUFZ 1, C4<z>; HiZ drive
v0000000004889be0_0 .net "reset_", 0 0, o000000000482f5e8;  0 drivers
v000000000488a040_0 .net "spm_addr", 29 0, L_00000000048046a0;  1 drivers
v0000000004889140_0 .net "spm_as_", 0 0, v0000000004888f90_0;  1 drivers
o000000000482f6d8 .functor BUFZ 32, C4<zzzzzzzzzzzzzzzzzzzzzzzzzzzzzzzz>; HiZ drive
v000000000488a0e0_0 .net "spm_rd_data", 31 0, o000000000482f6d8;  0 drivers
v000000000488ab80_0 .net "spm_rw", 0 0, L_0000000004804c50;  1 drivers
v000000000488a180_0 .net "spm_wr_data", 31 0, L_0000000004804710;  1 drivers
o000000000482f768 .functor BUFZ 1, C4<z>; HiZ drive
v0000000004889960_0 .net "stall", 0 0, o000000000482f768;  0 drivers
v000000000488a400_0 .net "temp_rd_data", 31 0, v0000000004888090_0;  1 drivers
S_0000000004804e60 .scope module, "bus_if0" "bus_if" 2 65, 3 6 0, S_000000000480e3e0;
 .timescale 0 0;
    .port_info 0 /INPUT 1 "clk"
    .port_info 1 /INPUT 1 "reset_"
    .port_info 2 /INPUT 1 "stall"
    .port_info 3 /INPUT 1 "flush"
    .port_info 4 /OUTPUT 1 "busy"
    .port_info 5 /INPUT 30 "addr"
    .port_info 6 /INPUT 1 "as_"
    .port_info 7 /INPUT 1 "rw"
    .port_info 8 /INPUT 32 "wr_data"
    .port_info 9 /OUTPUT 32 "rd_data"
    .port_info 10 /INPUT 32 "spm_rd_data"
    .port_info 11 /OUTPUT 30 "spm_addr"
    .port_info 12 /OUTPUT 1 "spm_as_"
    .port_info 13 /OUTPUT 1 "spm_rw"
    .port_info 14 /OUTPUT 32 "spm_wr_data"
    .port_info 15 /INPUT 32 "bus_rd_data"
    .port_info 16 /INPUT 1 "bus_rdy_"
    .port_info 17 /INPUT 1 "bus_grnt_"
    .port_info 18 /OUTPUT 1 "bus_req_"
    .port_info 19 /OUTPUT 30 "bus_addr"
    .port_info 20 /OUTPUT 1 "bus_as_"
    .port_info 21 /OUTPUT 1 "bus_rw"
    .port_info 22 /OUTPUT 32 "bus_wr_data"
L_00000000048046a0 .functor BUFZ 30, v0000000004889c80_0, C4<000000000000000000000000000000>, C4<000000000000000000000000000000>, C4<000000000000000000000000000000>;
L_0000000004bf00d0 .functor BUFT 1, C4<1>, C4<0>, C4<0>, C4<0>;
L_0000000004804c50 .functor BUFZ 1, L_0000000004bf00d0, C4<0>, C4<0>, C4<0>;
L_0000000004bf0118 .functor BUFT 1, C4<00000000000000000000000000000000>, C4<0>, C4<0>, C4<0>;
L_0000000004804710 .functor BUFZ 32, L_0000000004bf0118, C4<00000000000000000000000000000000>, C4<00000000000000000000000000000000>, C4<00000000000000000000000000000000>;
v0000000004822ee0_0 .net "addr", 29 0, v0000000004889c80_0;  alias, 1 drivers
L_0000000004bf0088 .functor BUFT 1, C4<0>, C4<0>, C4<0>, C4<0>;
v0000000004823040_0 .net "as_", 0 0, L_0000000004bf0088;  1 drivers
v000000000480e6f0_0 .var "bus_addr", 29 0;
v0000000004805160_0 .var "bus_as_", 0 0;
v0000000004822550_0 .net "bus_grnt_", 0 0, o000000000482f3d8;  alias, 0 drivers
v00000000028c76b0_0 .net "bus_rd_data", 31 0, o000000000482f408;  alias, 0 drivers
v00000000048889f0_0 .net "bus_rdy_", 0 0, o000000000482f438;  alias, 0 drivers
v0000000004888db0_0 .var "bus_req_", 0 0;
v0000000004888a90_0 .var "bus_rw", 0 0;
v00000000048886d0_0 .var "bus_wr_data", 31 0;
v00000000048888b0_0 .var "busy", 0 0;
v00000000048884f0_0 .net "clk", 0 0, o000000000482f528;  alias, 0 drivers
v0000000004888e50_0 .net "flush", 0 0, o000000000482f558;  alias, 0 drivers
v0000000004888ef0_0 .var "rd_buf", 31 0;
v0000000004888090_0 .var "rd_data", 31 0;
v0000000004888810_0 .net "reset_", 0 0, o000000000482f5e8;  alias, 0 drivers
v0000000004888770_0 .net "rw", 0 0, L_0000000004bf00d0;  1 drivers
v0000000004888bd0_0 .net "s_index", 2 0, L_000000000488a4a0;  1 drivers
v0000000004888950_0 .net "spm_addr", 29 0, L_00000000048046a0;  alias, 1 drivers
v0000000004888f90_0 .var "spm_as_", 0 0;
v0000000004888b30_0 .net "spm_rd_data", 31 0, o000000000482f6d8;  alias, 0 drivers
v0000000004888c70_0 .net "spm_rw", 0 0, L_0000000004804c50;  alias, 1 drivers
v0000000004888130_0 .net "spm_wr_data", 31 0, L_0000000004804710;  alias, 1 drivers
v0000000004888d10_0 .net "stall", 0 0, o000000000482f768;  alias, 0 drivers
v00000000048881d0_0 .var "state", 1 0;
v0000000004888270_0 .net "wr_data", 31 0, L_0000000004bf0118;  1 drivers
E_0000000004827af0/0 .event negedge, v0000000004888810_0;
E_0000000004827af0/1 .event posedge, v00000000048884f0_0;
E_0000000004827af0 .event/or E_0000000004827af0/0, E_0000000004827af0/1;
E_0000000004827b30/0 .event edge, v00000000048881d0_0, v0000000004888e50_0, v0000000004823040_0, v0000000004888bd0_0;
E_0000000004827b30/1 .event edge, v0000000004888d10_0, v0000000004888770_0, v0000000004888b30_0, v00000000048889f0_0;
E_0000000004827b30/2 .event edge, v00000000028c76b0_0, v0000000004888ef0_0;
E_0000000004827b30 .event/or E_0000000004827b30/0, E_0000000004827b30/1, E_0000000004827b30/2;
L_000000000488a4a0 .part v0000000004889c80_0, 27, 3;
S_00000000028c7810 .scope module, "if_reg0" "if_reg" 2 49, 4 6 0, S_000000000480e3e0;
 .timescale 0 0;
    .port_info 0 /INPUT 1 "clk"
    .port_info 1 /INPUT 1 "reset_"
    .port_info 2 /INPUT 32 "insn"
    .port_info 3 /INPUT 1 "stall"
    .port_info 4 /INPUT 1 "flush"
    .port_info 5 /INPUT 30 "new_pc"
    .port_info 6 /INPUT 1 "br_taken"
    .port_info 7 /INPUT 30 "br_addr"
    .port_info 8 /OUTPUT 30 "if_pc"
    .port_info 9 /OUTPUT 32 "if_insn"
    .port_info 10 /OUTPUT 1 "if_en"
v0000000004888310_0 .net "br_addr", 29 0, o000000000482fc48;  alias, 0 drivers
v00000000048883b0_0 .net "br_taken", 0 0, o000000000482fc78;  alias, 0 drivers
v0000000004888450_0 .net "clk", 0 0, o000000000482f528;  alias, 0 drivers
v0000000004888590_0 .net "flush", 0 0, o000000000482f558;  alias, 0 drivers
v0000000004888630_0 .var "if_en", 0 0;
v000000000488a360_0 .var "if_insn", 31 0;
v0000000004889c80_0 .var "if_pc", 29 0;
v00000000048891e0_0 .net "insn", 31 0, v0000000004888090_0;  alias, 1 drivers
v00000000048895a0_0 .net "new_pc", 29 0, o000000000482fd08;  alias, 0 drivers
v0000000004889320_0 .net "reset_", 0 0, o000000000482f5e8;  alias, 0 drivers
v000000000488af40_0 .net "stall", 0 0, o000000000482f768;  alias, 0 drivers
    .scope S_00000000028c7810;
T_0 ;
    %wait E_0000000004827af0;
    %load/vec4 v0000000004889320_0;
    %cmpi/e 0, 0, 1;
    %jmp/0xz  T_0.0, 4;
    %pushi/vec4 0, 0, 30;
    %assign/vec4 v0000000004889c80_0, 1;
    %pushi/vec4 0, 0, 32;
    %assign/vec4 v000000000488a360_0, 1;
    %pushi/vec4 0, 0, 1;
    %assign/vec4 v0000000004888630_0, 1;
    %jmp T_0.1;
T_0.0 ;
    %load/vec4 v000000000488af40_0;
    %cmpi/e 0, 0, 1;
    %jmp/0xz  T_0.2, 4;
    %load/vec4 v0000000004888590_0;
    %cmpi/e 1, 0, 1;
    %jmp/0xz  T_0.4, 4;
    %load/vec4 v00000000048895a0_0;
    %assign/vec4 v0000000004889c80_0, 1;
    %pushi/vec4 0, 0, 32;
    %assign/vec4 v000000000488a360_0, 1;
    %pushi/vec4 0, 0, 1;
    %assign/vec4 v0000000004888630_0, 1;
    %jmp T_0.5;
T_0.4 ;
    %load/vec4 v00000000048883b0_0;
    %cmpi/e 1, 0, 1;
    %jmp/0xz  T_0.6, 4;
    %load/vec4 v0000000004888310_0;
    %assign/vec4 v0000000004889c80_0, 1;
    %load/vec4 v00000000048891e0_0;
    %assign/vec4 v000000000488a360_0, 1;
    %pushi/vec4 1, 0, 1;
    %assign/vec4 v0000000004888630_0, 1;
    %jmp T_0.7;
T_0.6 ;
    %load/vec4 v0000000004889c80_0;
    %addi 1, 0, 30;
    %assign/vec4 v0000000004889c80_0, 1;
    %load/vec4 v00000000048891e0_0;
    %assign/vec4 v000000000488a360_0, 1;
    %pushi/vec4 1, 0, 1;
    %assign/vec4 v0000000004888630_0, 1;
T_0.7 ;
T_0.5 ;
T_0.2 ;
T_0.1 ;
    %jmp T_0;
    .thread T_0;
    .scope S_0000000004804e60;
T_1 ;
    %wait E_0000000004827b30;
    %pushi/vec4 0, 0, 32;
    %store/vec4 v0000000004888090_0, 0, 32;
    %pushi/vec4 1, 0, 1;
    %store/vec4 v0000000004888f90_0, 0, 1;
    %pushi/vec4 0, 0, 1;
    %store/vec4 v00000000048888b0_0, 0, 1;
    %load/vec4 v00000000048881d0_0;
    %dup/vec4;
    %pushi/vec4 0, 0, 2;
    %cmp/u;
    %jmp/1 T_1.0, 6;
    %dup/vec4;
    %pushi/vec4 0, 0, 2;
    %cmp/u;
    %jmp/1 T_1.1, 6;
    %dup/vec4;
    %pushi/vec4 0, 0, 2;
    %cmp/u;
    %jmp/1 T_1.2, 6;
    %dup/vec4;
    %pushi/vec4 0, 0, 2;
    %cmp/u;
    %jmp/1 T_1.3, 6;
    %jmp T_1.4;
T_1.0 ;
    %load/vec4 v0000000004888e50_0;
    %pushi/vec4 0, 0, 1;
    %cmp/e;
    %flag_get/vec4 4;
    %load/vec4 v0000000004823040_0;
    %pushi/vec4 0, 0, 1;
    %cmp/e;
    %flag_get/vec4 4;
    %and;
    %flag_set/vec4 8;
    %jmp/0xz  T_1.5, 8;
    %load/vec4 v0000000004888bd0_0;
    %pad/u 32;
    %cmpi/e 1, 0, 32;
    %jmp/0xz  T_1.7, 4;
    %load/vec4 v0000000004888d10_0;
    %cmpi/e 0, 0, 1;
    %jmp/0xz  T_1.9, 4;
    %pushi/vec4 0, 0, 1;
    %store/vec4 v0000000004888f90_0, 0, 1;
    %load/vec4 v0000000004888770_0;
    %cmpi/e 1, 0, 1;
    %jmp/0xz  T_1.11, 4;
    %load/vec4 v0000000004888b30_0;
    %store/vec4 v0000000004888090_0, 0, 32;
T_1.11 ;
T_1.9 ;
    %jmp T_1.8;
T_1.7 ;
    %pushi/vec4 1, 0, 1;
    %store/vec4 v00000000048888b0_0, 0, 1;
T_1.8 ;
T_1.5 ;
    %jmp T_1.4;
T_1.1 ;
    %pushi/vec4 1, 0, 1;
    %store/vec4 v00000000048888b0_0, 0, 1;
    %jmp T_1.4;
T_1.2 ;
    %load/vec4 v00000000048889f0_0;
    %cmpi/e 0, 0, 1;
    %jmp/0xz  T_1.13, 4;
    %load/vec4 v0000000004888770_0;
    %cmpi/e 1, 0, 1;
    %jmp/0xz  T_1.15, 4;
    %load/vec4 v00000000028c76b0_0;
    %store/vec4 v0000000004888090_0, 0, 32;
T_1.15 ;
    %jmp T_1.14;
T_1.13 ;
    %load/vec4 v0000000004888ef0_0;
    %store/vec4 v0000000004888090_0, 0, 32;
T_1.14 ;
    %jmp T_1.4;
T_1.3 ;
    %load/vec4 v0000000004888770_0;
    %cmpi/e 1, 0, 1;
    %jmp/0xz  T_1.17, 4;
    %load/vec4 v0000000004888ef0_0;
    %store/vec4 v0000000004888090_0, 0, 32;
T_1.17 ;
    %jmp T_1.4;
T_1.4 ;
    %pop/vec4 1;
    %jmp T_1;
    .thread T_1, $push;
    .scope S_0000000004804e60;
T_2 ;
    %wait E_0000000004827af0;
    %load/vec4 v0000000004888810_0;
    %cmpi/e 0, 0, 1;
    %jmp/0xz  T_2.0, 4;
    %pushi/vec4 0, 0, 2;
    %assign/vec4 v00000000048881d0_0, 1;
    %pushi/vec4 1, 0, 1;
    %assign/vec4 v0000000004888db0_0, 1;
    %pushi/vec4 0, 0, 30;
    %assign/vec4 v000000000480e6f0_0, 1;
    %pushi/vec4 1, 0, 1;
    %assign/vec4 v0000000004805160_0, 1;
    %pushi/vec4 1, 0, 1;
    %assign/vec4 v0000000004888a90_0, 1;
    %pushi/vec4 0, 0, 32;
    %assign/vec4 v00000000048886d0_0, 1;
    %pushi/vec4 0, 0, 32;
    %assign/vec4 v0000000004888ef0_0, 1;
    %jmp T_2.1;
T_2.0 ;
    %load/vec4 v00000000048881d0_0;
    %dup/vec4;
    %pushi/vec4 0, 0, 2;
    %cmp/u;
    %jmp/1 T_2.2, 6;
    %dup/vec4;
    %pushi/vec4 0, 0, 2;
    %cmp/u;
    %jmp/1 T_2.3, 6;
    %dup/vec4;
    %pushi/vec4 0, 0, 2;
    %cmp/u;
    %jmp/1 T_2.4, 6;
    %dup/vec4;
    %pushi/vec4 0, 0, 2;
    %cmp/u;
    %jmp/1 T_2.5, 6;
    %jmp T_2.6;
T_2.2 ;
    %load/vec4 v0000000004888e50_0;
    %pushi/vec4 0, 0, 1;
    %cmp/e;
    %flag_get/vec4 4;
    %load/vec4 v0000000004823040_0;
    %pushi/vec4 0, 0, 1;
    %cmp/e;
    %flag_get/vec4 4;
    %and;
    %flag_set/vec4 8;
    %jmp/0xz  T_2.7, 8;
    %load/vec4 v0000000004888bd0_0;
    %pad/u 32;
    %cmpi/ne 1, 0, 32;
    %jmp/0xz  T_2.9, 4;
    %pushi/vec4 0, 0, 2;
    %assign/vec4 v00000000048881d0_0, 1;
    %pushi/vec4 0, 0, 1;
    %assign/vec4 v0000000004888db0_0, 1;
    %load/vec4 v0000000004822ee0_0;
    %assign/vec4 v000000000480e6f0_0, 1;
    %load/vec4 v0000000004888770_0;
    %assign/vec4 v0000000004888a90_0, 1;
    %load/vec4 v0000000004888270_0;
    %assign/vec4 v00000000048886d0_0, 1;
T_2.9 ;
T_2.7 ;
    %jmp T_2.6;
T_2.3 ;
    %load/vec4 v0000000004822550_0;
    %cmpi/e 0, 0, 1;
    %jmp/0xz  T_2.11, 4;
    %pushi/vec4 0, 0, 2;
    %assign/vec4 v00000000048881d0_0, 1;
    %pushi/vec4 0, 0, 1;
    %assign/vec4 v0000000004805160_0, 1;
T_2.11 ;
    %jmp T_2.6;
T_2.4 ;
    %pushi/vec4 1, 0, 1;
    %assign/vec4 v0000000004805160_0, 1;
    %load/vec4 v00000000048889f0_0;
    %cmpi/e 0, 0, 1;
    %jmp/0xz  T_2.13, 4;
    %pushi/vec4 1, 0, 1;
    %assign/vec4 v0000000004888db0_0, 1;
    %pushi/vec4 0, 0, 30;
    %assign/vec4 v000000000480e6f0_0, 1;
    %pushi/vec4 1, 0, 1;
    %assign/vec4 v0000000004888a90_0, 1;
    %pushi/vec4 0, 0, 32;
    %assign/vec4 v00000000048886d0_0, 1;
    %load/vec4 v0000000004888a90_0;
    %cmpi/e 1, 0, 1;
    %jmp/0xz  T_2.15, 4;
    %load/vec4 v00000000028c76b0_0;
    %assign/vec4 v0000000004888ef0_0, 1;
T_2.15 ;
    %load/vec4 v0000000004888d10_0;
    %cmpi/e 1, 0, 1;
    %jmp/0xz  T_2.17, 4;
    %pushi/vec4 0, 0, 2;
    %assign/vec4 v00000000048881d0_0, 1;
    %jmp T_2.18;
T_2.17 ;
    %pushi/vec4 0, 0, 2;
    %assign/vec4 v00000000048881d0_0, 1;
T_2.18 ;
T_2.13 ;
    %jmp T_2.6;
T_2.5 ;
    %load/vec4 v0000000004888d10_0;
    %cmpi/e 0, 0, 1;
    %jmp/0xz  T_2.19, 4;
    %pushi/vec4 0, 0, 2;
    %assign/vec4 v00000000048881d0_0, 1;
T_2.19 ;
    %jmp T_2.6;
T_2.6 ;
    %pop/vec4 1;
T_2.1 ;
    %jmp T_2;
    .thread T_2;
# The file index is used to find the file name in the following table.
:file_names 5;
    "N/A";
    "<interactive>";
    "if_stage.v";
    "./bus_if.v";
    "./if_reg.v";
